[INFO ] 2022-09-26 23:23:32,518 ScnContext.setUp() - Launched browser
[INFO ] 2022-09-26 23:23:49,215 ScnContext.user_is_on_any_page_after_login() - User is on any page after Login
[INFO ] 2022-09-26 23:23:49,461 ScnContext.user_clicks_the_user_menu() - User clicks the USER menu
[INFO ] 2022-09-26 23:23:49,552 ScnContext.user_should_land_on_manage_user_page() - User is on Manage user page
[INFO ] 2022-09-26 23:23:50,712 ScnContext.setUp() - Launched browser
[INFO ] 2022-09-26 23:23:57,334 ScnContext.user_is_on_any_page_after_login() - User is on any page after Login
[INFO ] 2022-09-26 23:23:57,602 ScnContext.user_is_on_the_manage_user_page_after_clicking_user_menu() - User is on the Manage user page after clicking User menu
[INFO ] 2022-09-26 23:23:57,790 ScnContext.user_should_see_the_page_header_as() - Page header displayed
[INFO ] 2022-09-26 23:23:58,909 ScnContext.setUp() - Launched browser
[INFO ] 2022-09-26 23:24:05,179 ScnContext.user_is_on_any_page_after_login() - User is on any page after Login
[INFO ] 2022-09-26 23:24:05,463 ScnContext.user_is_on_the_manage_user_page_after_clicking_user_menu() - User is on the Manage user page after clicking User menu
[INFO ] 2022-09-26 23:24:05,638 ScnContext.user_should_see_the_pagination_controls_below_data_table() - Pagination is displayed
[INFO ] 2022-09-26 23:24:06,692 ScnContext.setUp() - Launched browser
[INFO ] 2022-09-26 23:24:13,593 ScnContext.user_is_on_manage_user_page() - User is on Manage user page
[INFO ] 2022-09-26 23:24:13,912 ScnContext.manage_user_table_has_more_than_or_equal_to_five_rows() - Verifying pagination functionality
[INFO ] 2022-09-26 23:24:14,000 ScnContext.pagination_control_should_be_enabled() - Pagination control enabled
[INFO ] 2022-09-26 23:24:15,097 ScnContext.setUp() - Launched browser
[INFO ] 2022-09-26 23:24:22,526 ScnContext.user_table_is_displayed_in_manage_user_page() - User table is displayed in manage user page
[INFO ] 2022-09-26 23:24:24,806 ScnContext.setUp() - Launched browser
[INFO ] 2022-09-26 23:24:50,415 ScnContext.user_table_is_displayed_in_manage_user_page() - User table is displayed in manage user page
[INFO ] 2022-09-26 23:24:52,648 ScnContext.setUp() - Launched browser
[INFO ] 2022-09-26 23:25:00,221 ScnContext.user_is_logged_on_to_the_lms_website() - User is logged on to the LMS website
[INFO ] 2022-09-26 23:25:00,510 ScnContext.user_lands_on_manage_user_page() - User lands on Manage User page
[INFO ] 2022-09-26 23:25:00,650 ScnContext.user_should_see_the_text_below_the_user_table() - No of entries dispalyed
[INFO ] 2022-09-26 23:25:01,750 ScnContext.setUp() - Launched browser
[INFO ] 2022-09-26 23:25:10,909 ScnContext.user_is_logged_on_to_the_lms_website() - User is logged on to the LMS website
[INFO ] 2022-09-26 23:25:11,231 ScnContext.user_lands_on_manage_user_page() - User lands on Manage User page
[INFO ] 2022-09-26 23:25:11,339 ScnContext.user_should_see_the_table_footer_as() - User details displayed in table footer
[INFO ] 2022-09-26 23:25:12,388 ScnContext.setUp() - Launched browser
[INFO ] 2022-09-26 23:25:28,198 ScnContext.user_is_on_any_page_after_login() - User is on any page after Login
[INFO ] 2022-09-26 23:25:28,480 ScnContext.user_is_on_the_manage_user_page_after_clicking_user_menu() - User is on the Manage user page after clicking User menu
[INFO ] 2022-09-26 23:25:29,677 ScnContext.setUp() - Launched browser
[INFO ] 2022-09-26 23:25:42,271 ScnContext.user_is_on_manage_user_page() - User is on Manage user page
[INFO ] 2022-09-26 23:25:44,161 ScnContext.user_clicks_add_new_user_button() - User clicks Add New User button
[INFO ] 2022-09-26 23:25:44,237 ScnContext.user_should_see_the_modal_dialog_box() - User should see the user details modal dialog box
[INFO ] 2022-09-26 23:25:45,273 ScnContext.setUp() - Launched browser
[INFO ] 2022-09-26 23:25:53,248 ScnContext.user_is_on_any_page_after_login() - User is on any page after Login
[INFO ] 2022-09-26 23:25:53,549 ScnContext.user_is_on_the_manage_user_page_after_clicking_user_menu() - User is on the Manage user page after clicking User menu
[INFO ] 2022-09-26 23:25:54,157 ScnContext.user_should_see_the_table_header_as_empty_checkbox_icon_id_with_sort_icon_name_with_sort_icon_email_address_with_sort_icon_contact_number_with_sort_icon_batch_with_sort_icon_skill_with_sort_icon_edit_delete_as_column_names() - All table headers are displayed
[INFO ] 2022-09-26 23:25:55,199 ScnContext.setUp() - Launched browser
[INFO ] 2022-09-26 23:26:01,762 ScnContext.user_table_is_displayed_in_manage_user_page() - User table is displayed in manage user page
[INFO ] 2022-09-26 23:26:01,997 ScnContext.user_clicks_sort_icon_in_table_header() - User clicks sort icon in table header
[INFO ] 2022-09-26 23:26:02,114 ScnContext.table_rows_should_be_sorted() - Table rows sorted in ascending order
[INFO ] 2022-09-26 23:26:03,322 ScnContext.setUp() - Launched browser
[INFO ] 2022-09-26 23:26:11,297 ScnContext.user_table_is_displayed_in_manage_user_page() - User table is displayed in manage user page
[INFO ] 2022-09-26 23:26:11,639 ScnContext.check_box_in_all_the_rows_of_user_table_should_be_checked() - Check boxes in all rows highlighted
[INFO ] 2022-09-26 23:26:12,874 ScnContext.setUp() - Launched browser
[INFO ] 2022-09-26 23:26:19,121 ScnContext.user_is_on_any_page_after_login() - User is on any page after Login
[INFO ] 2022-09-26 23:26:19,381 ScnContext.user_is_on_the_manage_user_page_after_clicking_user_menu() - User is on the Manage user page after clicking User menu
[INFO ] 2022-09-26 23:26:19,529 ScnContext.user_should_see_the_delete_icon_at_the_top_left_corner_of_the_user_table() - Delete icon displayed above user table
[INFO ] 2022-09-26 23:26:20,640 ScnContext.setUp() - Launched browser
[INFO ] 2022-09-26 23:26:33,533 ScnContext.user_table_is_displayed_in_manage_user_page() - User table is displayed in manage user page
[INFO ] 2022-09-26 23:26:33,690 ScnContext.user_checks_the_rows_in_user_table() - User checks the rows in user table
[INFO ] 2022-09-26 23:26:33,750 ScnContext.delete_icon_at_the_top_left_corner_of_the_user_table_enabled() - Delete icon at the top left corner of the user table enabled
[INFO ] 2022-09-26 23:26:34,777 ScnContext.setUp() - Launched browser
[INFO ] 2022-09-26 23:26:41,689 ScnContext.user_table_is_displayed_in_manage_user_page() - User table is displayed in manage user page
[INFO ] 2022-09-26 23:26:42,769 ScnContext.setUp() - Launched browser
[INFO ] 2022-09-26 23:26:53,570 ScnContext.setUp() - Launched browser
[INFO ] 2022-09-26 23:27:15,703 ScnContext.setUp() - Launched browser
[INFO ] 2022-09-26 23:28:02,526 ScnContext.setUp() - Launched browser
