#
# There is insufficient memory for the Java Runtime Environment to continue.
# Native memory allocation (malloc) failed to allocate 252816 bytes for Chunk::new
# Possible reasons:
#   The system is out of physical RAM or swap space
#   The process is running with CompressedOops enabled, and the Java Heap may be blocking the growth of the native heap
# Possible solutions:
#   Reduce memory load on the system
#   Increase physical memory or swap space
#   Check if swap backing store is full
#   Decrease Java heap size (-Xmx/-Xms)
#   Decrease number of Java threads
#   Decrease Java thread stack sizes (-Xss)
#   Set larger code cache with -XX:ReservedCodeCacheSize=
#   JVM is running with Unscaled Compressed Oops mode in which the Java heap is
#     placed in the first 4GB address space. The Java Heap base address is the
#     maximum limit for the native heap growth. Please use -XX:HeapBaseMinAddress
#     to set the Java Heap base and to place the Java Heap above 4GB virtual address.
# This output file may be truncated or incomplete.
#
#  Out of Memory Error (allocation.cpp:389), pid=10472, tid=0x0000000000003b00
#
# JRE version: Java(TM) SE Runtime Environment (8.0_311-b11) (build 1.8.0_311-b11)
# Java VM: Java HotSpot(TM) 64-Bit Server VM (25.311-b11 mixed mode windows-amd64 compressed oops)
# Failed to write core dump. Minidumps are not enabled by default on client versions of Windows
#

---------------  T H R E A D  ---------------

Current thread (0x0000021357b8a800):  JavaThread "C2 CompilerThread0" daemon [_thread_in_native, id=15104, stack(0x000000b30b400000,0x000000b30b500000)]

Stack: [0x000000b30b400000,0x000000b30b500000]
Native frames: (J=compiled Java code, j=interpreted, Vv=VM code, C=native code)
V  [jvm.dll+0x32f239]


Current CompileTask:
C2:   1046  176 %     4       java.io.WinNTFileSystem::normalize @ 22 (143 bytes)


---------------  P R O C E S S  ---------------

Java Threads: ( => current thread )
  0x0000021357bde000 JavaThread "Service Thread" daemon [_thread_blocked, id=10356, stack(0x000000b30b700000,0x000000b30b800000)]
  0x0000021357b9b800 JavaThread "C1 CompilerThread2" daemon [_thread_blocked, id=2464, stack(0x000000b30b600000,0x000000b30b700000)]
  0x0000021357b8f800 JavaThread "C2 CompilerThread1" daemon [_thread_in_native, id=8740, stack(0x000000b30b500000,0x000000b30b600000)]
=>0x0000021357b8a800 JavaThread "C2 CompilerThread0" daemon [_thread_in_native, id=15104, stack(0x000000b30b400000,0x000000b30b500000)]
  0x0000021357b86800 JavaThread "Attach Listener" daemon [_thread_blocked, id=3336, stack(0x000000b30b300000,0x000000b30b400000)]
  0x0000021357b84000 JavaThread "Signal Dispatcher" daemon [_thread_blocked, id=9164, stack(0x000000b30b200000,0x000000b30b300000)]
  0x0000021357b5d000 JavaThread "Finalizer" daemon [_thread_blocked, id=12148, stack(0x000000b30b100000,0x000000b30b200000)]
  0x0000021357b55800 JavaThread "Reference Handler" daemon [_thread_blocked, id=19880, stack(0x000000b30b000000,0x000000b30b100000)]
  0x0000021341ace800 JavaThread "main" [_thread_in_native, id=13968, stack(0x000000b30aa00000,0x000000b30ab00000)]

Other Threads:
  0x0000021357b2c000 VMThread [stack: 0x000000b30af00000,0x000000b30b000000] [id=10860]
  0x0000021357c3f800 WatcherThread [stack: 0x000000b30b800000,0x000000b30b900000] [id=17592]

VM state:not at safepoint (normal execution)

VM Mutex/Monitor currently owned by a thread: None

heap address: 0x0000000081e00000, size: 2018 MB, Compressed Oops mode: 32-bit
Narrow klass base: 0x0000000000000000, Narrow klass shift: 3
Compressed class space size: 1073741824 Address: 0x0000000100000000

Heap:
 PSYoungGen      total 38400K, used 6086K [0x00000000d5f80000, 0x00000000d8a00000, 0x0000000100000000)
  eden space 33280K, 18% used [0x00000000d5f80000,0x00000000d6571a10,0x00000000d8000000)
  from space 5120K, 0% used [0x00000000d8500000,0x00000000d8500000,0x00000000d8a00000)
  to   space 5120K, 0% used [0x00000000d8000000,0x00000000d8000000,0x00000000d8500000)
 ParOldGen       total 87552K, used 0K [0x0000000081e00000, 0x0000000087380000, 0x00000000d5f80000)
  object space 87552K, 0% used [0x0000000081e00000,0x0000000081e00000,0x0000000087380000)
 Metaspace       used 2837K, capacity 4480K, committed 4480K, reserved 1056768K
  class space    used 300K, capacity 384K, committed 384K, reserved 1048576K

Card table byte_map: [0x0000021352780000,0x0000021352b80000] byte_map_base: 0x0000021352371000

Marking Bits: (ParMarkBitMap*) 0x0000000076dd8030
 Begin Bits: [0x0000021352e30000, 0x0000021354db8000)
 End Bits:   [0x0000021354db8000, 0x0000021356d40000)

Polling page: 0x0000021341bd0000

CodeCache: size=245760Kb used=1553Kb max_used=1553Kb free=244207Kb
 bounds [0x00000213433c0000, 0x0000021343630000, 0x00000213523c0000]
 total_blobs=430 nmethods=192 adapters=151
 compilation: enabled

Compilation events (10 events):
Event: 0.989 Thread 0x0000021357b8f800 nmethod 167% 0x0000021343540850 code [0x0000021343540a60, 0x00000213435421e0]
Event: 0.998 Thread 0x0000021357b9b800  180       3       java.util.AbstractMap::<init> (5 bytes)
Event: 0.998 Thread 0x0000021357b9b800 nmethod 180 0x0000021343540490 code [0x00000213435405e0, 0x0000021343540798]
Event: 1.003 Thread 0x0000021357b9b800  181       3       java.nio.DirectLongBufferU::get (16 bytes)
Event: 1.004 Thread 0x0000021357b9b800 nmethod 181 0x000002134353fbd0 code [0x000002134353fd40, 0x000002134353ffb8]
Event: 1.004 Thread 0x0000021357b9b800  183       3       java.nio.DirectLongBufferU::put (18 bytes)
Event: 1.004 Thread 0x0000021357b9b800 nmethod 183 0x000002134353f690 code [0x000002134353f800, 0x000002134353fa78]
Event: 1.019 Thread 0x0000021357b8f800  187       4       java.io.WinNTFileSystem::normalize (231 bytes)
Event: 1.032 Thread 0x0000021357b9b800  188       3       java.lang.String::toUpperCase (439 bytes)
Event: 1.035 Thread 0x0000021357b9b800 nmethod 188 0x0000021343539e90 code [0x000002134353a1c0, 0x000002134353b9e0]

GC Heap History (0 events):
No events

Deoptimization events (0 events):
No events

Classes redefined (0 events):
No events

Internal exceptions (2 events):
Event: 0.178 Thread 0x0000021341ace800 Exception <a 'java/lang/NoSuchMethodError': Method sun.misc.Unsafe.defineClass(Ljava/lang/String;[BII)Ljava/lang/Class; name or signature does not match> (0x00000000d5f87cc0) thrown at [C:\jenkins\workspace\8-2-build-windows-amd64-cygwin\jdk8u311\1894\hot
Event: 0.178 Thread 0x0000021341ace800 Exception <a 'java/lang/NoSuchMethodError': Method sun.misc.Unsafe.prefetchRead(Ljava/lang/Object;J)V name or signature does not match> (0x00000000d5f87fa8) thrown at [C:\jenkins\workspace\8-2-build-windows-amd64-cygwin\jdk8u311\1894\hotspot\src\share\vm\

Events (10 events):
Event: 1.034 loading class java/security/CodeSigner
Event: 1.034 loading class java/security/CodeSigner done
Event: 1.034 loading class java/util/jar/JarVerifier$3
Event: 1.034 loading class java/util/jar/JarVerifier$3 done
Event: 1.034 loading class java/io/ByteArrayOutputStream
Event: 1.035 loading class java/io/ByteArrayOutputStream done
Event: 1.035 loading class java/util/jar/Attributes
Event: 1.035 loading class java/util/jar/Attributes done
Event: 1.035 loading class java/util/jar/Manifest$FastInputStream
Event: 1.035 loading class java/util/jar/Manifest$FastInputStream done


Dynamic libraries:
0x00007ff7d9570000 - 0x00007ff7d95b7000 	C:\Program Files\Java\jdk1.8.0_311\bin\javaw.exe
0x00007ffe1a0b0000 - 0x00007ffe1a2a8000 	C:\Windows\SYSTEM32\ntdll.dll
0x00007ffe18f60000 - 0x00007ffe1901d000 	C:\Windows\System32\KERNEL32.DLL
0x00007ffe17b50000 - 0x00007ffe17e1e000 	C:\Windows\System32\KERNELBASE.dll
0x00007ffe188c0000 - 0x00007ffe1896e000 	C:\Windows\System32\ADVAPI32.dll
0x00007ffe19f70000 - 0x00007ffe1a00e000 	C:\Windows\System32\msvcrt.dll
0x00007ffe19a50000 - 0x00007ffe19aec000 	C:\Windows\System32\sechost.dll
0x00007ffe19110000 - 0x00007ffe19235000 	C:\Windows\System32\RPCRT4.dll
0x00007ffe18a60000 - 0x00007ffe18c00000 	C:\Windows\System32\USER32.dll
0x00007ffe180e0000 - 0x00007ffe18102000 	C:\Windows\System32\win32u.dll
0x00007ffe190e0000 - 0x00007ffe1910a000 	C:\Windows\System32\GDI32.dll
0x00007ffe17fd0000 - 0x00007ffe180db000 	C:\Windows\System32\gdi32full.dll
0x00007ffe17ab0000 - 0x00007ffe17b4d000 	C:\Windows\System32\msvcp_win.dll
0x00007ffe17910000 - 0x00007ffe17a10000 	C:\Windows\System32\ucrtbase.dll
0x00007ffe0d130000 - 0x00007ffe0d3ca000 	C:\Windows\WinSxS\amd64_microsoft.windows.common-controls_6595b64144ccf1df_6.0.19041.1110_none_60b5254171f9507e\COMCTL32.dll
0x00007ffe190a0000 - 0x00007ffe190d0000 	C:\Windows\System32\IMM32.DLL
0x00007ffe12bf0000 - 0x00007ffe12c05000 	C:\Program Files\Java\jdk1.8.0_311\jre\bin\vcruntime140.dll
0x00007ffdfdc20000 - 0x00007ffdfdcbb000 	C:\Program Files\Java\jdk1.8.0_311\jre\bin\msvcp140.dll
0x00000000765f0000 - 0x0000000076e50000 	C:\Program Files\Java\jdk1.8.0_311\jre\bin\server\jvm.dll
0x00007ffe19240000 - 0x00007ffe19248000 	C:\Windows\System32\PSAPI.DLL
0x00007ffe05470000 - 0x00007ffe0547a000 	C:\Windows\SYSTEM32\VERSION.dll
0x00007ffe0d690000 - 0x00007ffe0d6b7000 	C:\Windows\SYSTEM32\WINMM.dll
0x00007ffe050c0000 - 0x00007ffe050c9000 	C:\Windows\SYSTEM32\WSOCK32.dll
0x00007ffe19cb0000 - 0x00007ffe19d1b000 	C:\Windows\System32\ws2_32.DLL
0x00007ffe155f0000 - 0x00007ffe15602000 	C:\Windows\SYSTEM32\kernel.appcore.dll
0x00007ffe12fd0000 - 0x00007ffe12fe0000 	C:\Program Files\Java\jdk1.8.0_311\jre\bin\verify.dll
0x00007ffe12910000 - 0x00007ffe1293b000 	C:\Program Files\Java\jdk1.8.0_311\jre\bin\java.dll
0x00007ffe121f0000 - 0x00007ffe12208000 	C:\Program Files\Java\jdk1.8.0_311\jre\bin\zip.dll
0x00007ffe19250000 - 0x00007ffe19994000 	C:\Windows\System32\SHELL32.dll
0x00007ffe158d0000 - 0x00007ffe16064000 	C:\Windows\SYSTEM32\windows.storage.dll
0x00007ffe18c00000 - 0x00007ffe18f54000 	C:\Windows\System32\combase.dll
0x00007ffe17230000 - 0x00007ffe17260000 	C:\Windows\SYSTEM32\Wldp.dll
0x00007ffe18110000 - 0x00007ffe181bd000 	C:\Windows\System32\SHCORE.dll
0x00007ffe1a010000 - 0x00007ffe1a065000 	C:\Windows\System32\shlwapi.dll
0x00007ffe17710000 - 0x00007ffe1772f000 	C:\Windows\SYSTEM32\profapi.dll
0x00007ffe17880000 - 0x00007ffe17902000 	C:\Windows\System32\bcryptPrimitives.dll

VM Arguments:
jvm_args: -ea -Dfile.encoding=UTF-8 
java_command: org.eclipse.jdt.internal.junit.runner.RemoteTestRunner -version 3 -port 59362 -testLoaderClass org.eclipse.jdt.internal.junit4.runner.JUnit4TestLoader -loaderpluginname org.eclipse.jdt.junit4.runtime -classNames com.LMS.runner.Runner
java_class_path (initial): C:\Users\admin\eclipse-workspace\LMSProject\target\test-classes;C:\Users\admin\eclipse-workspace\LMSProject\target\classes;C:\Users\admin\.p2\pool\plugins\org.testng_7.4.0.r202105021533.jar;C:\Users\admin\.p2\pool\plugins\com.beust.jcommander_1.78.0.jar;C:\Users\admin\.p2\pool\plugins\org.apache-extras.beanshell.bsh_2.0.0.b6.jar;C:\Users\admin\.p2\pool\plugins\org.yaml.snakeyaml_1.21.0.jar;C:\Users\admin\.p2\pool\plugins\org.webjars.jquery_3.5.1.jar;C:\Users\admin\.m2\repository\junit\junit\4.13.2\junit-4.13.2.jar;C:\Users\admin\.m2\repository\org\hamcrest\hamcrest-core\1.3\hamcrest-core-1.3.jar;C:\Users\admin\.m2\repository\io\cucumber\cucumber-core\7.8.0\cucumber-core-7.8.0.jar;C:\Users\admin\.m2\repository\io\cucumber\cucumber-gherkin\7.8.0\cucumber-gherkin-7.8.0.jar;C:\Users\admin\.m2\repository\io\cucumber\cucumber-gherkin-messages\7.8.0\cucumber-gherkin-messages-7.8.0.jar;C:\Users\admin\.m2\repository\io\cucumber\gherkin\24.0.0\gherkin-24.0.0.jar;C:\Users\admin\.m2\repository\io\cucumber\messages\19.1.2\messages-19.1.2.jar;C:\Users\admin\.m2\repository\io\cucumber\tag-expressions\4.1.0\tag-expressions-4.1.0.jar;C:\Users\admin\.m2\repository\io\cucumber\cucumber-expressions\16.0.0\cucumber-expressions-16.0.0.jar;C:\Users\admin\.m2\repository\io\cucumber\datatable\7.8.0\datatable-7.8.0.jar;C:\Users\admin\.m2\repository\io\cucumber\cucumber-plugin\7.8.0\cucumber-plugin-7.8.0.jar;C:\Users\admin\.m2\repository\io\cucumber\docstring\7.8.0\docstring-7.8.0.jar;C:\Users\admin\.m2\repository\io\cucumber\html-formatter\20.1.0\html-formatter-20.1.0.jar;C:\Users\admin\.m2\repository\io\cucumber\ci-environment\9.1.0\ci-environment-9.1.0.jar;C:\Users\admin\.m2\repository\org\apiguardian\apiguardian-api\1.1.2\apiguardian-api-1.1.2.jar;C:\Users\admin\.m2\repository\io\cucumber\cucumber-html\0.2.7\cucumber-html-0.2.7.jar;C:\Users\admin\.m2\repository\io\cucumber\cucumber-java\7.8.0\cucumber-java-7.8.0.jar;C:\Users\admin\.m2\repository\io\cucumber\cu
Launcher Type: SUN_STANDARD

Environment Variables:
JAVA_HOME=C:\Program Files\Java\jdk1.8.0_311
PATH=C:/Users/admin/.p2/pool/plugins/org.eclipse.justj.openjdk.hotspot.jre.full.win32.x86_64_17.0.2.v20220201-1208/jre/bin/server;C:/Users/admin/.p2/pool/plugins/org.eclipse.justj.openjdk.hotspot.jre.full.win32.x86_64_17.0.2.v20220201-1208/jre/bin;C:\Program Files (x86)\Common Files\Oracle\Java\javapath;C:\Windows\system32;C:\Windows;C:\Windows\System32\Wbem;C:\Windows\System32\WindowsPowerShell\v1.0\;C:\Windows\System32\OpenSSH\;C:\Users\admin\Downloads\apache-maven-3.8.5-bin (1)\apache-maven-3.8.5\bin;C:\Program Files\nodejs\;C:\Program Files\Java\allure-2.18.0\bin;C:\Program Files\Git\cmd;C:\Users\admin\AppData\Local\Microsoft\WindowsApps;C:\Users\admin\AppData\Roaming\npm;C:\Windows\system32;
USERNAME=admin
OS=Windows_NT
PROCESSOR_IDENTIFIER=Intel64 Family 6 Model 61 Stepping 4, GenuineIntel



---------------  S Y S T E M  ---------------

OS: Windows 10.0 , 64 bit Build 19041 (10.0.19041.1889)

CPU:total 4 (initial active 4) (2 cores per cpu, 2 threads per core) family 6 model 61 stepping 4, cmov, cx8, fxsr, mmx, sse, sse2, sse3, ssse3, sse4.1, sse4.2, popcnt, avx, avx2, aes, clmul, erms, rtm, 3dnowpref, lzcnt, ht, tsc, tscinvbit, bmi1, bmi2, adx

Memory: 4k page, physical 8257804k(529512k free), swap 23807284k(124k free)

vm_info: Java HotSpot(TM) 64-Bit Server VM (25.311-b11) for windows-amd64 JRE (1.8.0_311-b11), built on Sep 27 2021 05:15:14 by "java_re" with MS VC++ 15.9 (VS2017)

time: Fri Sep 23 14:31:31 2022
timezone: Central Daylight Time
elapsed time: 1.053394 seconds (0d 0h 0m 1s)

