#
# There is insufficient memory for the Java Runtime Environment to continue.
# Native memory allocation (malloc) failed to allocate 384656 bytes for Chunk::new
# Possible reasons:
#   The system is out of physical RAM or swap space
#   The process is running with CompressedOops enabled, and the Java Heap may be blocking the growth of the native heap
# Possible solutions:
#   Reduce memory load on the system
#   Increase physical memory or swap space
#   Check if swap backing store is full
#   Decrease Java heap size (-Xmx/-Xms)
#   Decrease number of Java threads
#   Decrease Java thread stack sizes (-Xss)
#   Set larger code cache with -XX:ReservedCodeCacheSize=
#   JVM is running with Unscaled Compressed Oops mode in which the Java heap is
#     placed in the first 4GB address space. The Java Heap base address is the
#     maximum limit for the native heap growth. Please use -XX:HeapBaseMinAddress
#     to set the Java Heap base and to place the Java Heap above 4GB virtual address.
# This output file may be truncated or incomplete.
#
#  Out of Memory Error (allocation.cpp:389), pid=8900, tid=0x00000000000041f8
#
# JRE version: Java(TM) SE Runtime Environment (8.0_311-b11) (build 1.8.0_311-b11)
# Java VM: Java HotSpot(TM) 64-Bit Server VM (25.311-b11 mixed mode windows-amd64 compressed oops)
# Failed to write core dump. Minidumps are not enabled by default on client versions of Windows
#

---------------  T H R E A D  ---------------

Current thread (0x0000025155706800):  JavaThread "C2 CompilerThread0" daemon [_thread_in_native, id=16888, stack(0x000000a5e0000000,0x000000a5e0100000)]

Stack: [0x000000a5e0000000,0x000000a5e0100000]
Native frames: (J=compiled Java code, j=interpreted, Vv=VM code, C=native code)
V  [jvm.dll+0x32f239]
V  [jvm.dll+0x275882]
V  [jvm.dll+0x27652d]
V  [jvm.dll+0x26cf65]
V  [jvm.dll+0xd558c]
V  [jvm.dll+0xd5d8c]
V  [jvm.dll+0x453642]
V  [jvm.dll+0x48e6bd]
V  [jvm.dll+0x443301]
V  [jvm.dll+0x4404ab]
V  [jvm.dll+0x42b38b]
V  [jvm.dll+0xac22b]
V  [jvm.dll+0xaa88b]
V  [jvm.dll+0x23df22]
V  [jvm.dll+0x29253c]
C  [ucrtbase.dll+0x21bb2]
C  [KERNEL32.DLL+0x17034]
C  [ntdll.dll+0x52651]


Current CompileTask:
C2:  10392 2638   !   4       sun.misc.URLClassPath$JarLoader::getResource (353 bytes)


---------------  P R O C E S S  ---------------

Java Threads: ( => current thread )
  0x000002515a5a5000 JavaThread "Keep-Alive-Timer" daemon [_thread_blocked, id=10860, stack(0x000000a5e0f00000,0x000000a5e1000000)]
  0x000002515b0cb800 JavaThread "Exec Stream Pumper" daemon [_thread_in_native, id=10332, stack(0x000000a5e0e00000,0x000000a5e0f00000)]
  0x0000025156b94800 JavaThread "Exec Stream Pumper" daemon [_thread_in_native, id=21268, stack(0x000000a5e0d00000,0x000000a5e0e00000)]
  0x0000025156b94000 JavaThread "UrlChecker-2" daemon [_thread_blocked, id=19748, stack(0x000000a5e0b00000,0x000000a5e0c00000)]
  0x000002515ace0000 JavaThread "Driver Service Executor" daemon [_thread_blocked, id=15256, stack(0x000000a5e0a00000,0x000000a5e0b00000)]
  0x000002515a130000 JavaThread "Driver Service Executor" daemon [_thread_blocked, id=20364, stack(0x000000a5e0900000,0x000000a5e0a00000)]
  0x0000025159d43800 JavaThread "Exec Default Executor" daemon [_thread_in_native, id=15384, stack(0x000000a5e0800000,0x000000a5e0900000)]
  0x0000025159876800 JavaThread "AsyncHttpClient-1-1" daemon [_thread_blocked, id=18752, stack(0x000000a5e0700000,0x000000a5e0800000)]
  0x00000251583d5800 JavaThread "ForkJoinPool.commonPool-worker-1" daemon [_thread_blocked, id=21196, stack(0x000000a5e0600000,0x000000a5e0700000)]
  0x00000251577ae800 JavaThread "ReaderThread" [_thread_in_native, id=5356, stack(0x000000a5e0500000,0x000000a5e0600000)]
  0x00000251557a5800 JavaThread "Service Thread" daemon [_thread_blocked, id=4552, stack(0x000000a5e0300000,0x000000a5e0400000)]
  0x0000025155735800 JavaThread "C1 CompilerThread2" daemon [_thread_blocked, id=18888, stack(0x000000a5e0200000,0x000000a5e0300000)]
  0x0000025155719800 JavaThread "C2 CompilerThread1" daemon [_thread_in_native, id=14872, stack(0x000000a5e0100000,0x000000a5e0200000)]
=>0x0000025155706800 JavaThread "C2 CompilerThread0" daemon [_thread_in_native, id=16888, stack(0x000000a5e0000000,0x000000a5e0100000)]
  0x0000025155705000 JavaThread "Attach Listener" daemon [_thread_blocked, id=19820, stack(0x000000a5dff00000,0x000000a5e0000000)]
  0x0000025155704000 JavaThread "Signal Dispatcher" daemon [_thread_blocked, id=11660, stack(0x000000a5dfe00000,0x000000a5dff00000)]
  0x00000251556db000 JavaThread "Finalizer" daemon [_thread_blocked, id=6076, stack(0x000000a5dfd00000,0x000000a5dfe00000)]
  0x00000251556d3800 JavaThread "Reference Handler" daemon [_thread_blocked, id=10684, stack(0x000000a5dfc00000,0x000000a5dfd00000)]
  0x000002513f65e800 JavaThread "Forwarding newSession on session null to remote" [_thread_blocked, id=15792, stack(0x000000a5df600000,0x000000a5df700000)]

Other Threads:
  0x00000251556a9000 VMThread [stack: 0x000000a5dfb00000,0x000000a5dfc00000] [id=19556]
  0x00000251557c8800 WatcherThread [stack: 0x000000a5e0400000,0x000000a5e0500000] [id=15492]

VM state:at safepoint (normal execution)

VM Mutex/Monitor currently owned by a thread:  ([mutex/lock_event])
[0x000002513f65b360] Threads_lock - owner thread: 0x00000251556a9000
[0x000002513f65c2f0] Heap_lock - owner thread: 0x000002513f65e800

heap address: 0x0000000081e00000, size: 2018 MB, Compressed Oops mode: 32-bit
Narrow klass base: 0x0000000000000000, Narrow klass shift: 3
Compressed class space size: 1073741824 Address: 0x0000000100000000

Heap:
 PSYoungGen      total 62976K, used 53333K [0x00000000d5f80000, 0x00000000daa80000, 0x0000000100000000)
  eden space 53760K, 85% used [0x00000000d5f80000,0x00000000d8c31ca8,0x00000000d9400000)
  from space 9216K, 82% used [0x00000000d9d80000,0x00000000da4e3980,0x00000000da680000)
  to   space 9728K, 28% used [0x00000000d9400000,0x00000000d96b8060,0x00000000d9d80000)
 ParOldGen       total 54272K, used 5866K [0x0000000081e00000, 0x0000000085300000, 0x00000000d5f80000)
  object space 54272K, 10% used [0x0000000081e00000,0x00000000823baa00,0x0000000085300000)
 Metaspace       used 33644K, capacity 35380K, committed 35496K, reserved 1079296K
  class space    used 4459K, capacity 4834K, committed 4912K, reserved 1048576K

Card table byte_map: [0x0000025150300000,0x0000025150700000] byte_map_base: 0x000002514fef1000

Marking Bits: (ParMarkBitMap*) 0x0000000076dd8030
 Begin Bits: [0x00000251509b0000, 0x0000025152938000)
 End Bits:   [0x0000025152938000, 0x00000251548c0000)

Polling page: 0x000002513f760000

CodeCache: size=245760Kb used=8736Kb max_used=8745Kb free=237023Kb
 bounds [0x0000025140f40000, 0x00000251417d0000, 0x000002514ff40000]
 total_blobs=3164 nmethods=2627 adapters=448
 compilation: enabled

Compilation events (10 events):
Event: 10.315 Thread 0x0000025155735800 2634       3       java.lang.invoke.LambdaForm$Name::<init> (194 bytes)
Event: 10.316 Thread 0x0000025155735800 nmethod 2634 0x00000251417c84d0 code [0x00000251417c86c0, 0x00000251417c8fc0]
Event: 10.316 Thread 0x0000025155735800 2635       3       java.lang.invoke.LambdaForm$NamedFunction::returnType (11 bytes)
Event: 10.316 Thread 0x0000025155735800 nmethod 2635 0x00000251417c94d0 code [0x00000251417c9680, 0x00000251417c9d40]
Event: 10.317 Thread 0x0000025155719800 2636       4       jdk.internal.org.objectweb.asm.Type::getArgumentsAndReturnSizes (151 bytes)
Event: 10.317 Thread 0x0000025155735800 2637       3       jdk.internal.org.objectweb.asm.FieldVisitor::<init> (35 bytes)
Event: 10.318 Thread 0x0000025155735800 nmethod 2637 0x00000251417c9fd0 code [0x00000251417ca140, 0x00000251417ca450]
Event: 10.323 Thread 0x0000025155719800 nmethod 2636 0x00000251417cd650 code [0x00000251417cd7c0, 0x00000251417cdc78]
Event: 10.328 Thread 0x0000025155706800 2638   !   4       sun.misc.URLClassPath$JarLoader::getResource (353 bytes)
Event: 10.331 Thread 0x0000025155719800 2639       4       sun.misc.JarIndex::get (49 bytes)

GC Heap History (10 events):
Event: 6.701 GC heap before
{Heap before GC invocations=3 (full 0):
 PSYoungGen      total 38400K, used 38394K [0x00000000d5f80000, 0x00000000d8a00000, 0x0000000100000000)
  eden space 33280K, 100% used [0x00000000d5f80000,0x00000000d8000000,0x00000000d8000000)
  from space 5120K, 99% used [0x00000000d8500000,0x00000000d89fe810,0x00000000d8a00000)
  to   space 5120K, 0% used [0x00000000d8000000,0x00000000d8000000,0x00000000d8500000)
 ParOldGen       total 87552K, used 3063K [0x0000000081e00000, 0x0000000087380000, 0x00000000d5f80000)
  object space 87552K, 3% used [0x0000000081e00000,0x00000000820fde50,0x0000000087380000)
 Metaspace       used 19047K, capacity 20214K, committed 20352K, reserved 1067008K
  class space    used 2439K, capacity 2681K, committed 2688K, reserved 1048576K
Event: 6.714 GC heap after
Heap after GC invocations=3 (full 0):
 PSYoungGen      total 38400K, used 5094K [0x00000000d5f80000, 0x00000000d8a00000, 0x0000000100000000)
  eden space 33280K, 0% used [0x00000000d5f80000,0x00000000d5f80000,0x00000000d8000000)
  from space 5120K, 99% used [0x00000000d8000000,0x00000000d84f99a8,0x00000000d8500000)
  to   space 5120K, 0% used [0x00000000d8500000,0x00000000d8500000,0x00000000d8a00000)
 ParOldGen       total 87552K, used 5453K [0x0000000081e00000, 0x0000000087380000, 0x00000000d5f80000)
  object space 87552K, 6% used [0x0000000081e00000,0x00000000823534d0,0x0000000087380000)
 Metaspace       used 19047K, capacity 20214K, committed 20352K, reserved 1067008K
  class space    used 2439K, capacity 2681K, committed 2688K, reserved 1048576K
}
Event: 6.983 GC heap before
{Heap before GC invocations=4 (full 0):
 PSYoungGen      total 38400K, used 14451K [0x00000000d5f80000, 0x00000000d8a00000, 0x0000000100000000)
  eden space 33280K, 28% used [0x00000000d5f80000,0x00000000d68a32e0,0x00000000d8000000)
  from space 5120K, 99% used [0x00000000d8000000,0x00000000d84f99a8,0x00000000d8500000)
  to   space 5120K, 0% used [0x00000000d8500000,0x00000000d8500000,0x00000000d8a00000)
 ParOldGen       total 87552K, used 5453K [0x0000000081e00000, 0x0000000087380000, 0x00000000d5f80000)
  object space 87552K, 6% used [0x0000000081e00000,0x00000000823534d0,0x0000000087380000)
 Metaspace       used 20140K, capacity 21258K, committed 21296K, reserved 1067008K
  class space    used 2610K, capacity 2853K, committed 2864K, reserved 1048576K
Event: 6.989 GC heap after
Heap after GC invocations=4 (full 0):
 PSYoungGen      total 38400K, used 5107K [0x00000000d5f80000, 0x00000000daa80000, 0x0000000100000000)
  eden space 33280K, 0% used [0x00000000d5f80000,0x00000000d5f80000,0x00000000d8000000)
  from space 5120K, 99% used [0x00000000d8500000,0x00000000d89fcce8,0x00000000d8a00000)
  to   space 5120K, 0% used [0x00000000d8000000,0x00000000d8000000,0x00000000d8500000)
 ParOldGen       total 87552K, used 6321K [0x0000000081e00000, 0x0000000087380000, 0x00000000d5f80000)
  object space 87552K, 7% used [0x0000000081e00000,0x000000008242c760,0x0000000087380000)
 Metaspace       used 20140K, capacity 21258K, committed 21296K, reserved 1067008K
  class space    used 2610K, capacity 2853K, committed 2864K, reserved 1048576K
}
Event: 6.990 GC heap before
{Heap before GC invocations=5 (full 1):
 PSYoungGen      total 38400K, used 5107K [0x00000000d5f80000, 0x00000000daa80000, 0x0000000100000000)
  eden space 33280K, 0% used [0x00000000d5f80000,0x00000000d5f80000,0x00000000d8000000)
  from space 5120K, 99% used [0x00000000d8500000,0x00000000d89fcce8,0x00000000d8a00000)
  to   space 5120K, 0% used [0x00000000d8000000,0x00000000d8000000,0x00000000d8500000)
 ParOldGen       total 87552K, used 6321K [0x0000000081e00000, 0x0000000087380000, 0x00000000d5f80000)
  object space 87552K, 7% used [0x0000000081e00000,0x000000008242c760,0x0000000087380000)
 Metaspace       used 20140K, capacity 21258K, committed 21296K, reserved 1067008K
  class space    used 2610K, capacity 2853K, committed 2864K, reserved 1048576K
Event: 7.029 GC heap after
Heap after GC invocations=5 (full 1):
 PSYoungGen      total 38400K, used 0K [0x00000000d5f80000, 0x00000000daa80000, 0x0000000100000000)
  eden space 33280K, 0% used [0x00000000d5f80000,0x00000000d5f80000,0x00000000d8000000)
  from space 5120K, 0% used [0x00000000d8500000,0x00000000d8500000,0x00000000d8a00000)
  to   space 5120K, 0% used [0x00000000d8000000,0x00000000d8000000,0x00000000d8500000)
 ParOldGen       total 54272K, used 5850K [0x0000000081e00000, 0x0000000085300000, 0x00000000d5f80000)
  object space 54272K, 10% used [0x0000000081e00000,0x00000000823b6a00,0x0000000085300000)
 Metaspace       used 20129K, capacity 21222K, committed 21296K, reserved 1067008K
  class space    used 2607K, capacity 2847K, committed 2864K, reserved 1048576K
}
Event: 8.138 GC heap before
{Heap before GC invocations=6 (full 1):
 PSYoungGen      total 38400K, used 33280K [0x00000000d5f80000, 0x00000000daa80000, 0x0000000100000000)
  eden space 33280K, 100% used [0x00000000d5f80000,0x00000000d8000000,0x00000000d8000000)
  from space 5120K, 0% used [0x00000000d8500000,0x00000000d8500000,0x00000000d8a00000)
  to   space 5120K, 0% used [0x00000000d8000000,0x00000000d8000000,0x00000000d8500000)
 ParOldGen       total 54272K, used 5850K [0x0000000081e00000, 0x0000000085300000, 0x00000000d5f80000)
  object space 54272K, 10% used [0x0000000081e00000,0x00000000823b6a00,0x0000000085300000)
 Metaspace       used 24941K, capacity 26190K, committed 26288K, reserved 1073152K
  class space    used 3220K, capacity 3482K, committed 3504K, reserved 1048576K
Event: 8.143 GC heap after
Heap after GC invocations=6 (full 1):
 PSYoungGen      total 38400K, used 4561K [0x00000000d5f80000, 0x00000000da680000, 0x0000000100000000)
  eden space 33280K, 0% used [0x00000000d5f80000,0x00000000d5f80000,0x00000000d8000000)
  from space 5120K, 89% used [0x00000000d8000000,0x00000000d8474688,0x00000000d8500000)
  to   space 9216K, 0% used [0x00000000d9d80000,0x00000000d9d80000,0x00000000da680000)
 ParOldGen       total 54272K, used 5858K [0x0000000081e00000, 0x0000000085300000, 0x00000000d5f80000)
  object space 54272K, 10% used [0x0000000081e00000,0x00000000823b8a00,0x0000000085300000)
 Metaspace       used 24941K, capacity 26190K, committed 26288K, reserved 1073152K
  class space    used 3220K, capacity 3482K, committed 3504K, reserved 1048576K
}
Event: 8.846 GC heap before
{Heap before GC invocations=7 (full 1):
 PSYoungGen      total 38400K, used 37841K [0x00000000d5f80000, 0x00000000da680000, 0x0000000100000000)
  eden space 33280K, 100% used [0x00000000d5f80000,0x00000000d8000000,0x00000000d8000000)
  from space 5120K, 89% used [0x00000000d8000000,0x00000000d8474688,0x00000000d8500000)
  to   space 9216K, 0% used [0x00000000d9d80000,0x00000000d9d80000,0x00000000da680000)
 ParOldGen       total 54272K, used 5858K [0x0000000081e00000, 0x0000000085300000, 0x00000000d5f80000)
  object space 54272K, 10% used [0x0000000081e00000,0x00000000823b8a00,0x0000000085300000)
 Metaspace       used 27921K, capacity 29262K, committed 29616K, reserved 1075200K
  class space    used 3643K, capacity 3945K, committed 4016K, reserved 1048576K
Event: 8.868 GC heap after
Heap after GC invocations=7 (full 1):
 PSYoungGen      total 62976K, used 7566K [0x00000000d5f80000, 0x00000000daa80000, 0x0000000100000000)
  eden space 53760K, 0% used [0x00000000d5f80000,0x00000000d5f80000,0x00000000d9400000)
  from space 9216K, 82% used [0x00000000d9d80000,0x00000000da4e3980,0x00000000da680000)
  to   space 9728K, 0% used [0x00000000d9400000,0x00000000d9400000,0x00000000d9d80000)
 ParOldGen       total 54272K, used 5866K [0x0000000081e00000, 0x0000000085300000, 0x00000000d5f80000)
  object space 54272K, 10% used [0x0000000081e00000,0x00000000823baa00,0x0000000085300000)
 Metaspace       used 27921K, capacity 29262K, committed 29616K, reserved 1075200K
  class space    used 3643K, capacity 3945K, committed 4016K, reserved 1048576K
}

Deoptimization events (10 events):
Event: 8.451 Thread 0x000002513f65e800 Uncommon trap: reason=unstable_if action=reinterpret pc=0x00000251415ad430 method=java.lang.CharacterDataLatin1.digit(II)I @ 60
Event: 8.576 Thread 0x000002513f65e800 Uncommon trap: reason=bimorphic action=maybe_recompile pc=0x00000251413cdcb8 method=java.net.URL.<init>(Ljava/net/URL;Ljava/lang/String;Ljava/net/URLStreamHandler;)V @ 504
Event: 8.576 Thread 0x000002513f65e800 Uncommon trap: reason=unstable_if action=reinterpret pc=0x000002514139f004 method=sun.net.util.IPAddressUtil.scan(Ljava/lang/String;JJ[C)I @ 14
Event: 8.740 Thread 0x000002513f65e800 Uncommon trap: reason=bimorphic action=maybe_recompile pc=0x00000251413cdcb8 method=java.net.URL.<init>(Ljava/net/URL;Ljava/lang/String;Ljava/net/URLStreamHandler;)V @ 504
Event: 8.740 Thread 0x000002513f65e800 Uncommon trap: reason=unstable_if action=reinterpret pc=0x0000025141367cb8 method=sun.net.util.IPAddressUtil.scan(Ljava/lang/String;JJ[C)I @ 14
Event: 8.758 Thread 0x000002513f65e800 Uncommon trap: reason=unstable_if action=reinterpret pc=0x00000251415ac6a8 method=java.lang.Integer.parseInt(Ljava/lang/String;I)I @ 122
Event: 8.998 Thread 0x000002513f65e800 Uncommon trap: reason=unstable_if action=reinterpret pc=0x0000025141514d74 method=java.io.WinNTFileSystem.prefixLength(Ljava/lang/String;)I @ 42
Event: 9.517 Thread 0x000002513f65e800 Uncommon trap: reason=unstable_if action=reinterpret pc=0x00000251410f7bd0 method=java.lang.String.replace(CC)Ljava/lang/String; @ 2
Event: 9.530 Thread 0x000002515a130000 Uncommon trap: reason=bimorphic action=maybe_recompile pc=0x00000251413cdcb8 method=java.net.URL.<init>(Ljava/net/URL;Ljava/lang/String;Ljava/net/URLStreamHandler;)V @ 504
Event: 10.119 Thread 0x000002513f65e800 Uncommon trap: reason=unstable_if action=reinterpret pc=0x0000025141742b6c method=jdk.internal.org.objectweb.asm.Type.getArgumentsAndReturnSizes(Ljava/lang/String;)I @ 47

Classes redefined (0 events):
No events

Internal exceptions (10 events):
Event: 8.582 Thread 0x000002513f65e800 Exception <a 'java/lang/NoSuchMethodError': java.lang.Object.lambda$static$1()Ljava/lang/String;> (0x00000000d7406738) thrown at [C:\jenkins\workspace\8-2-build-windows-amd64-cygwin\jdk8u311\1894\hotspot\src\share\vm\interpreter\linkResolver.cpp, line 620
Event: 8.582 Thread 0x000002513f65e800 Exception <a 'java/lang/NoSuchMethodError': java.lang.Object.lambda$static$2()Ljava/lang/String;> (0x00000000d7408918) thrown at [C:\jenkins\workspace\8-2-build-windows-amd64-cygwin\jdk8u311\1894\hotspot\src\share\vm\interpreter\linkResolver.cpp, line 620
Event: 8.583 Thread 0x000002513f65e800 Exception <a 'java/lang/NoSuchMethodError': java.lang.Object.lambda$static$3()Ljava/lang/String;> (0x00000000d740aaf8) thrown at [C:\jenkins\workspace\8-2-build-windows-amd64-cygwin\jdk8u311\1894\hotspot\src\share\vm\interpreter\linkResolver.cpp, line 620
Event: 8.675 Thread 0x000002513f65e800 Exception <a 'java/lang/NoSuchMethodError': java.lang.Object.lambda$create$0(Lorg/openqa/selenium/remote/http/HttpClient$Factory;)Z> (0x00000000d7813f18) thrown at [C:\jenkins\workspace\8-2-build-windows-amd64-cygwin\jdk8u311\1894\hotspot\src\share\vm\int
Event: 8.676 Thread 0x000002513f65e800 Exception <a 'java/lang/NoSuchMethodError': java.lang.Object.lambda$create$1(Ljava/lang/String;Lorg/openqa/selenium/remote/http/HttpClient$Factory;)Z> (0x00000000d7817368) thrown at [C:\jenkins\workspace\8-2-build-windows-amd64-cygwin\jdk8u311\1894\hotspo
Event: 8.807 Thread 0x000002513f65e800 Exception <a 'java/lang/NoClassDefFoundError'> (0x00000000d7eac148) thrown at [C:\jenkins\workspace\8-2-build-windows-amd64-cygwin\jdk8u311\1894\hotspot\src\share\vm\oops\instanceKlass.cpp, line 959]
Event: 9.421 Thread 0x000002513f65e800 Exception <a 'java/lang/NoSuchMethodError': java.lang.Object.lambda$andFinally$1(Lorg/openqa/selenium/remote/http/HttpHandler;Lorg/openqa/selenium/remote/http/HttpRequest;)Lorg/openqa/selenium/remote/http/HttpResponse;> (0x00000000d764da10) thrown at [C:\
Event: 10.064 Thread 0x0000025156b94000 Exception <a 'java/net/SocketTimeoutException': connect timed out> (0x00000000d7d31f88) thrown at [C:\jenkins\workspace\8-2-build-windows-amd64-cygwin\jdk8u311\1894\hotspot\src\share\vm\prims\jni.cpp, line 737]
Event: 10.167 Thread 0x000002513f65e800 Exception <a 'java/lang/NoSuchMethodError': java.lang.Object.lambda$chars$0()Ljava/util/Spliterator$OfInt;> (0x00000000d80f03e8) thrown at [C:\jenkins\workspace\8-2-build-windows-amd64-cygwin\jdk8u311\1894\hotspot\src\share\vm\interpreter\linkResolver.cpp
Event: 10.257 Thread 0x000002513f65e800 Exception <a 'java/lang/NoSuchMethodError': java.lang.Object.lambda$negate$1(Ljava/lang/Object;)Z> (0x00000000d84f31e0) thrown at [C:\jenkins\workspace\8-2-build-windows-amd64-cygwin\jdk8u311\1894\hotspot\src\share\vm\interpreter\linkResolver.cpp, line 62

Events (10 events):
Event: 10.343 loading class io/netty/handler/codec/DefaultHeaders
Event: 10.343 loading class io/netty/handler/codec/DefaultHeaders done
Event: 10.344 loading class io/netty/handler/codec/Headers
Event: 10.344 loading class io/netty/handler/codec/Headers done
Event: 10.346 loading class io/netty/handler/codec/DefaultHeadersImpl
Event: 10.346 loading class io/netty/handler/codec/DefaultHeadersImpl done
Event: 10.347 loading class io/netty/handler/codec/DefaultHeaders$NameValidator
Event: 10.347 loading class io/netty/handler/codec/DefaultHeaders$NameValidator done
Event: 10.348 loading class io/netty/handler/codec/http/DefaultHttpHeaders$HeaderValueConverter
Event: 10.348 loading class io/netty/handler/codec/http/DefaultHttpHeaders$HeaderValueConverter done


Dynamic libraries:
0x00007ff6a8370000 - 0x00007ff6a83b7000 	C:\Program Files\Java\jdk1.8.0_311\bin\javaw.exe
0x00007ffe1a0b0000 - 0x00007ffe1a2a8000 	C:\Windows\SYSTEM32\ntdll.dll
0x00007ffe18f60000 - 0x00007ffe1901d000 	C:\Windows\System32\KERNEL32.DLL
0x00007ffe17b50000 - 0x00007ffe17e1e000 	C:\Windows\System32\KERNELBASE.dll
0x00007ffe188c0000 - 0x00007ffe1896e000 	C:\Windows\System32\ADVAPI32.dll
0x00007ffe19f70000 - 0x00007ffe1a00e000 	C:\Windows\System32\msvcrt.dll
0x00007ffe19a50000 - 0x00007ffe19aec000 	C:\Windows\System32\sechost.dll
0x00007ffe19110000 - 0x00007ffe19235000 	C:\Windows\System32\RPCRT4.dll
0x00007ffe18a60000 - 0x00007ffe18c00000 	C:\Windows\System32\USER32.dll
0x00007ffe180e0000 - 0x00007ffe18102000 	C:\Windows\System32\win32u.dll
0x00007ffe190e0000 - 0x00007ffe1910a000 	C:\Windows\System32\GDI32.dll
0x00007ffe17fd0000 - 0x00007ffe180db000 	C:\Windows\System32\gdi32full.dll
0x00007ffe17ab0000 - 0x00007ffe17b4d000 	C:\Windows\System32\msvcp_win.dll
0x00007ffe17910000 - 0x00007ffe17a10000 	C:\Windows\System32\ucrtbase.dll
0x00007ffe0d130000 - 0x00007ffe0d3ca000 	C:\Windows\WinSxS\amd64_microsoft.windows.common-controls_6595b64144ccf1df_6.0.19041.1110_none_60b5254171f9507e\COMCTL32.dll
0x00007ffe190a0000 - 0x00007ffe190d0000 	C:\Windows\System32\IMM32.DLL
0x00007ffe12bf0000 - 0x00007ffe12c05000 	C:\Program Files\Java\jdk1.8.0_311\jre\bin\vcruntime140.dll
0x00007ffe08610000 - 0x00007ffe086ab000 	C:\Program Files\Java\jdk1.8.0_311\jre\bin\msvcp140.dll
0x00000000765f0000 - 0x0000000076e50000 	C:\Program Files\Java\jdk1.8.0_311\jre\bin\server\jvm.dll
0x00007ffe19240000 - 0x00007ffe19248000 	C:\Windows\System32\PSAPI.DLL
0x00007ffe0d690000 - 0x00007ffe0d6b7000 	C:\Windows\SYSTEM32\WINMM.dll
0x00007ffe05470000 - 0x00007ffe0547a000 	C:\Windows\SYSTEM32\VERSION.dll
0x00007ffe050c0000 - 0x00007ffe050c9000 	C:\Windows\SYSTEM32\WSOCK32.dll
0x00007ffe19cb0000 - 0x00007ffe19d1b000 	C:\Windows\System32\ws2_32.DLL
0x00007ffe155f0000 - 0x00007ffe15602000 	C:\Windows\SYSTEM32\kernel.appcore.dll
0x00007ffe12ad0000 - 0x00007ffe12ae0000 	C:\Program Files\Java\jdk1.8.0_311\jre\bin\verify.dll
0x00007ffe11ed0000 - 0x00007ffe11efb000 	C:\Program Files\Java\jdk1.8.0_311\jre\bin\java.dll
0x00007ffe121f0000 - 0x00007ffe12208000 	C:\Program Files\Java\jdk1.8.0_311\jre\bin\zip.dll
0x00007ffe19250000 - 0x00007ffe19994000 	C:\Windows\System32\SHELL32.dll
0x00007ffe158d0000 - 0x00007ffe16064000 	C:\Windows\SYSTEM32\windows.storage.dll
0x00007ffe18c00000 - 0x00007ffe18f54000 	C:\Windows\System32\combase.dll
0x00007ffe17230000 - 0x00007ffe17260000 	C:\Windows\SYSTEM32\Wldp.dll
0x00007ffe18110000 - 0x00007ffe181bd000 	C:\Windows\System32\SHCORE.dll
0x00007ffe1a010000 - 0x00007ffe1a065000 	C:\Windows\System32\shlwapi.dll
0x00007ffe17710000 - 0x00007ffe1772f000 	C:\Windows\SYSTEM32\profapi.dll
0x00007ffe11eb0000 - 0x00007ffe11ecc000 	C:\Program Files\Java\jdk1.8.0_311\jre\bin\net.dll
0x00007ffe16f90000 - 0x00007ffe16ffa000 	C:\Windows\system32\mswsock.dll
0x00007ffe11e40000 - 0x00007ffe11e53000 	C:\Program Files\Java\jdk1.8.0_311\jre\bin\nio.dll
0x00007ffe17180000 - 0x00007ffe17198000 	C:\Windows\SYSTEM32\CRYPTSP.dll
0x00007ffe168a0000 - 0x00007ffe168d4000 	C:\Windows\system32\rsaenh.dll
0x00007ffe17a80000 - 0x00007ffe17aa7000 	C:\Windows\System32\bcrypt.dll
0x00007ffe176d0000 - 0x00007ffe176fe000 	C:\Windows\SYSTEM32\USERENV.dll
0x00007ffe17880000 - 0x00007ffe17902000 	C:\Windows\System32\bcryptprimitives.dll
0x00007ffe171a0000 - 0x00007ffe171ac000 	C:\Windows\SYSTEM32\CRYPTBASE.dll
0x00007ffe16c30000 - 0x00007ffe16c6b000 	C:\Windows\SYSTEM32\IPHLPAPI.DLL
0x00007ffe18970000 - 0x00007ffe18978000 	C:\Windows\System32\NSI.dll
0x00007ffe0f0d0000 - 0x00007ffe0f0e7000 	C:\Windows\SYSTEM32\dhcpcsvc6.DLL
0x00007ffe0f700000 - 0x00007ffe0f71d000 	C:\Windows\SYSTEM32\dhcpcsvc.DLL
0x00007ffe16c80000 - 0x00007ffe16d4a000 	C:\Windows\SYSTEM32\DNSAPI.dll
0x00007ffe12aa0000 - 0x00007ffe12aad000 	C:\Program Files\Java\jdk1.8.0_311\jre\bin\management.dll
0x00007ffe11e60000 - 0x00007ffe11e77000 	C:\Windows\system32\napinsp.dll
0x00007ffe11e80000 - 0x00007ffe11e9b000 	C:\Windows\system32\pnrpnsp.dll
0x00007ffdff3b0000 - 0x00007ffdff3c5000 	C:\Windows\system32\wshbth.dll
0x00007ffe110f0000 - 0x00007ffe1110d000 	C:\Windows\system32\NLAapi.dll
0x00007ffe12ab0000 - 0x00007ffe12ac2000 	C:\Windows\System32\winrnr.dll
0x00007ffe0c1d0000 - 0x00007ffe0c1da000 	C:\Windows\System32\rasadhlp.dll
0x00007ffe0cd60000 - 0x00007ffe0cde0000 	C:\Windows\System32\fwpuclnt.dll
0x00007ffe11c60000 - 0x00007ffe11c84000 	C:\Program Files\Java\jdk1.8.0_311\jre\bin\sunec.dll
0x00007ffe13280000 - 0x00007ffe13464000 	C:\Windows\SYSTEM32\dbghelp.dll

VM Arguments:
jvm_args: -ea -Dfile.encoding=UTF-8 
java_command: org.eclipse.jdt.internal.junit.runner.RemoteTestRunner -version 3 -port 56784 -testLoaderClass org.eclipse.jdt.internal.junit4.runner.JUnit4TestLoader -loaderpluginname org.eclipse.jdt.junit4.runtime -classNames com.LMS.runner.Runner
java_class_path (initial): C:\Users\admin\eclipse-workspace\LMSProject\target\test-classes;C:\Users\admin\eclipse-workspace\LMSProject\target\classes;C:\Users\admin\.p2\pool\plugins\org.testng_7.4.0.r202105021533.jar;C:\Users\admin\.p2\pool\plugins\com.beust.jcommander_1.78.0.jar;C:\Users\admin\.p2\pool\plugins\org.apache-extras.beanshell.bsh_2.0.0.b6.jar;C:\Users\admin\.p2\pool\plugins\org.yaml.snakeyaml_1.21.0.jar;C:\Users\admin\.p2\pool\plugins\org.webjars.jquery_3.5.1.jar;C:\Users\admin\.m2\repository\junit\junit\4.13.2\junit-4.13.2.jar;C:\Users\admin\.m2\repository\org\hamcrest\hamcrest-core\1.3\hamcrest-core-1.3.jar;C:\Users\admin\.m2\repository\io\cucumber\cucumber-core\7.8.0\cucumber-core-7.8.0.jar;C:\Users\admin\.m2\repository\io\cucumber\cucumber-gherkin\7.8.0\cucumber-gherkin-7.8.0.jar;C:\Users\admin\.m2\repository\io\cucumber\cucumber-gherkin-messages\7.8.0\cucumber-gherkin-messages-7.8.0.jar;C:\Users\admin\.m2\repository\io\cucumber\gherkin\24.0.0\gherkin-24.0.0.jar;C:\Users\admin\.m2\repository\io\cucumber\messages\19.1.2\messages-19.1.2.jar;C:\Users\admin\.m2\repository\io\cucumber\tag-expressions\4.1.0\tag-expressions-4.1.0.jar;C:\Users\admin\.m2\repository\io\cucumber\cucumber-expressions\16.0.0\cucumber-expressions-16.0.0.jar;C:\Users\admin\.m2\repository\io\cucumber\datatable\7.8.0\datatable-7.8.0.jar;C:\Users\admin\.m2\repository\io\cucumber\cucumber-plugin\7.8.0\cucumber-plugin-7.8.0.jar;C:\Users\admin\.m2\repository\io\cucumber\docstring\7.8.0\docstring-7.8.0.jar;C:\Users\admin\.m2\repository\io\cucumber\html-formatter\20.1.0\html-formatter-20.1.0.jar;C:\Users\admin\.m2\repository\io\cucumber\ci-environment\9.1.0\ci-environment-9.1.0.jar;C:\Users\admin\.m2\repository\org\apiguardian\apiguardian-api\1.1.2\apiguardian-api-1.1.2.jar;C:\Users\admin\.m2\repository\io\cucumber\cucumber-html\0.2.7\cucumber-html-0.2.7.jar;C:\Users\admin\.m2\repository\io\cucumber\cucumber-java\7.8.0\cucumber-java-7.8.0.jar;C:\Users\admin\.m2\repository\io\cucumber\cu
Launcher Type: SUN_STANDARD

Environment Variables:
JAVA_HOME=C:\Program Files\Java\jdk1.8.0_311
PATH=C:/Users/admin/.p2/pool/plugins/org.eclipse.justj.openjdk.hotspot.jre.full.win32.x86_64_17.0.2.v20220201-1208/jre/bin/server;C:/Users/admin/.p2/pool/plugins/org.eclipse.justj.openjdk.hotspot.jre.full.win32.x86_64_17.0.2.v20220201-1208/jre/bin;C:\Program Files (x86)\Common Files\Oracle\Java\javapath;C:\Windows\system32;C:\Windows;C:\Windows\System32\Wbem;C:\Windows\System32\WindowsPowerShell\v1.0\;C:\Windows\System32\OpenSSH\;C:\Users\admin\Downloads\apache-maven-3.8.5-bin (1)\apache-maven-3.8.5\bin;C:\Program Files\nodejs\;C:\Program Files\Java\allure-2.18.0\bin;C:\Program Files\Git\cmd;C:\Users\admin\AppData\Local\Microsoft\WindowsApps;C:\Users\admin\AppData\Roaming\npm;C:\Windows\system32;
USERNAME=admin
OS=Windows_NT
PROCESSOR_IDENTIFIER=Intel64 Family 6 Model 61 Stepping 4, GenuineIntel



---------------  S Y S T E M  ---------------

OS: Windows 10.0 , 64 bit Build 19041 (10.0.19041.1889)

CPU:total 4 (initial active 4) (2 cores per cpu, 2 threads per core) family 6 model 61 stepping 4, cmov, cx8, fxsr, mmx, sse, sse2, sse3, ssse3, sse4.1, sse4.2, popcnt, avx, avx2, aes, clmul, erms, rtm, 3dnowpref, lzcnt, ht, tsc, tscinvbit, bmi1, bmi2, adx

Memory: 4k page, physical 8257804k(248552k free), swap 23807284k(3376k free)

vm_info: Java HotSpot(TM) 64-Bit Server VM (25.311-b11) for windows-amd64 JRE (1.8.0_311-b11), built on Sep 27 2021 05:15:14 by "java_re" with MS VC++ 15.9 (VS2017)

time: Fri Sep 23 13:53:15 2022
timezone: Central Daylight Time
elapsed time: 10.403882 seconds (0d 0h 0m 10s)

