#
# There is insufficient memory for the Java Runtime Environment to continue.
# Native memory allocation (malloc) failed to allocate 348176 bytes for Chunk::new
# Possible reasons:
#   The system is out of physical RAM or swap space
#   The process is running with CompressedOops enabled, and the Java Heap may be blocking the growth of the native heap
# Possible solutions:
#   Reduce memory load on the system
#   Increase physical memory or swap space
#   Check if swap backing store is full
#   Decrease Java heap size (-Xmx/-Xms)
#   Decrease number of Java threads
#   Decrease Java thread stack sizes (-Xss)
#   Set larger code cache with -XX:ReservedCodeCacheSize=
#   JVM is running with Unscaled Compressed Oops mode in which the Java heap is
#     placed in the first 4GB address space. The Java Heap base address is the
#     maximum limit for the native heap growth. Please use -XX:HeapBaseMinAddress
#     to set the Java Heap base and to place the Java Heap above 4GB virtual address.
# This output file may be truncated or incomplete.
#
#  Out of Memory Error (allocation.cpp:389), pid=3208, tid=0x0000000000000348
#
# JRE version: Java(TM) SE Runtime Environment (8.0_311-b11) (build 1.8.0_311-b11)
# Java VM: Java HotSpot(TM) 64-Bit Server VM (25.311-b11 mixed mode windows-amd64 compressed oops)
# Failed to write core dump. Minidumps are not enabled by default on client versions of Windows
#

---------------  T H R E A D  ---------------

Current thread (0x0000020678b22800):  JavaThread "C2 CompilerThread1" daemon [_thread_in_native, id=840, stack(0x000000baeb800000,0x000000baeb900000)]

Stack: [0x000000baeb800000,0x000000baeb900000]
Native frames: (J=compiled Java code, j=interpreted, Vv=VM code, C=native code)
V  [jvm.dll+0x32f239]
V  [jvm.dll+0x275882]
V  [jvm.dll+0x27652d]
V  [jvm.dll+0x26cf65]
V  [jvm.dll+0xd558c]
V  [jvm.dll+0xd5d8c]
V  [jvm.dll+0x453642]
V  [jvm.dll+0x48e6bd]
V  [jvm.dll+0x443301]
V  [jvm.dll+0x4404ab]
V  [jvm.dll+0x42b38b]
V  [jvm.dll+0xac22b]
V  [jvm.dll+0xaa88b]
V  [jvm.dll+0x23df22]
V  [jvm.dll+0x29253c]
C  [ucrtbase.dll+0x21bb2]
C  [KERNEL32.DLL+0x17034]
C  [ntdll.dll+0x52651]


Current CompileTask:
C2:  15377 2865       4       sun.security.util.AbstractAlgorithmConstraints::checkAlgorithm (140 bytes)


---------------  P R O C E S S  ---------------

Java Threads: ( => current thread )
  0x000002067cf71800 JavaThread "UrlChecker-2" daemon [_thread_in_native, id=14892, stack(0x000000baec300000,0x000000baec400000)]
  0x000002067b2c3800 JavaThread "Driver Service Executor" daemon [_thread_blocked, id=8768, stack(0x000000baec200000,0x000000baec300000)]
  0x000002067ce0e800 JavaThread "Driver Service Executor" daemon [_thread_blocked, id=14764, stack(0x000000baec100000,0x000000baec200000)]
  0x000002067a34d000 JavaThread "AsyncHttpClient-1-1" daemon [_thread_blocked, id=20200, stack(0x000000baebf00000,0x000000baec000000)]
  0x000002067cfdd800 JavaThread "ForkJoinPool.commonPool-worker-1" daemon [_thread_blocked, id=17184, stack(0x000000baebe00000,0x000000baebf00000)]
  0x000002067a8fb000 JavaThread "ReaderThread" [_thread_in_native, id=844, stack(0x000000baebc00000,0x000000baebd00000)]
  0x0000020678bb6000 JavaThread "Service Thread" daemon [_thread_blocked, id=22316, stack(0x000000baeba00000,0x000000baebb00000)]
  0x0000020678b23000 JavaThread "C1 CompilerThread2" daemon [_thread_blocked, id=6676, stack(0x000000baeb900000,0x000000baeba00000)]
=>0x0000020678b22800 JavaThread "C2 CompilerThread1" daemon [_thread_in_native, id=840, stack(0x000000baeb800000,0x000000baeb900000)]
  0x0000020678b18000 JavaThread "C2 CompilerThread0" daemon [_thread_blocked, id=19544, stack(0x000000baeb700000,0x000000baeb800000)]
  0x0000020678b16000 JavaThread "Attach Listener" daemon [_thread_blocked, id=10084, stack(0x000000baeb600000,0x000000baeb700000)]
  0x0000020678b15000 JavaThread "Signal Dispatcher" daemon [_thread_blocked, id=19800, stack(0x000000baeb500000,0x000000baeb600000)]
  0x0000020678aed800 JavaThread "Finalizer" daemon [_thread_blocked, id=7800, stack(0x000000baeb400000,0x000000baeb500000)]
  0x0000020678ae4000 JavaThread "Reference Handler" daemon [_thread_blocked, id=12304, stack(0x000000baeb300000,0x000000baeb400000)]
  0x0000020662970800 JavaThread "main" [_thread_in_native, id=20044, stack(0x000000baead00000,0x000000baeae00000)]

Other Threads:
  0x0000020678ab9000 VMThread [stack: 0x000000baeb200000,0x000000baeb300000] [id=15804]
  0x0000020678bf5000 WatcherThread [stack: 0x000000baebb00000,0x000000baebc00000] [id=10152]

VM state:not at safepoint (normal execution)

VM Mutex/Monitor currently owned by a thread: None

heap address: 0x0000000081e00000, size: 2018 MB, Compressed Oops mode: 32-bit
Narrow klass base: 0x0000000000000000, Narrow klass shift: 3
Compressed class space size: 1073741824 Address: 0x0000000100000000

Heap:
 PSYoungGen      total 61952K, used 17544K [0x00000000d5f80000, 0x00000000dc880000, 0x0000000100000000)
  eden space 52224K, 33% used [0x00000000d5f80000,0x00000000d70a2010,0x00000000d9280000)
  from space 9728K, 0% used [0x00000000d9280000,0x00000000d9280000,0x00000000d9c00000)
  to   space 10752K, 0% used [0x00000000dbe00000,0x00000000dbe00000,0x00000000dc880000)
 ParOldGen       total 82944K, used 13572K [0x0000000081e00000, 0x0000000086f00000, 0x00000000d5f80000)
  object space 82944K, 16% used [0x0000000081e00000,0x0000000082b41398,0x0000000086f00000)
 Metaspace       used 35225K, capacity 36628K, committed 37032K, reserved 1081344K
  class space    used 4630K, capacity 4930K, committed 5040K, reserved 1048576K

Card table byte_map: [0x0000020673740000,0x0000020673b40000] byte_map_base: 0x0000020673331000

Marking Bits: (ParMarkBitMap*) 0x0000000076dd8030
 Begin Bits: [0x0000020673df0000, 0x0000020675d78000)
 End Bits:   [0x0000020675d78000, 0x0000020677d00000)

Polling page: 0x0000020662b50000

CodeCache: size=245760Kb used=9087Kb max_used=9346Kb free=236672Kb
 bounds [0x0000020664380000, 0x0000020664cd0000, 0x0000020673380000]
 total_blobs=3237 nmethods=2667 adapters=481
 compilation: enabled

Compilation events (10 events):
Event: 15.310 Thread 0x0000020678b23000 2883       3       java.security.Provider$UString::<init> (21 bytes)
Event: 15.310 Thread 0x0000020678b23000 nmethod 2883 0x00000206647f48d0 code [0x00000206647f4a40, 0x00000206647f4d10]
Event: 15.310 Thread 0x0000020678b23000 2884       3       java.security.Provider$UString::hashCode (8 bytes)
Event: 15.311 Thread 0x0000020678b23000 nmethod 2884 0x000002066480a390 code [0x000002066480a500, 0x000002066480a710]
Event: 15.314 Thread 0x0000020678b18000 nmethod 2874 0x00000206644bbed0 code [0x00000206644bc020, 0x00000206644bc218]
Event: 15.314 Thread 0x0000020678b18000 2873       4       sun.security.util.math.intpoly.IntegerPolynomialP256::reduce (40 bytes)
Event: 15.316 Thread 0x0000020678b18000 nmethod 2873 0x000002066452e010 code [0x000002066452e160, 0x000002066452e268]
Event: 15.316 Thread 0x0000020678b18000 2870       4       sun.security.util.math.intpoly.IntegerPolynomial$MutableElement::setDifference (6 bytes)
Event: 15.322 Thread 0x0000020678b18000 nmethod 2870 0x000002066455e390 code [0x000002066455e4e0, 0x000002066455e718]
Event: 15.322 Thread 0x0000020678b18000 2881       4       sun.security.util.math.intpoly.IntegerPolynomial$MutableElement::setProduct (6 bytes)

GC Heap History (10 events):
Event: 4.514 GC heap before
{Heap before GC invocations=5 (full 1):
 PSYoungGen      total 38400K, used 5091K [0x00000000d5f80000, 0x00000000daa80000, 0x0000000100000000)
  eden space 33280K, 0% used [0x00000000d5f80000,0x00000000d5f80000,0x00000000d8000000)
  from space 5120K, 99% used [0x00000000d8500000,0x00000000d89f8cf8,0x00000000d8a00000)
  to   space 5120K, 0% used [0x00000000d8000000,0x00000000d8000000,0x00000000d8500000)
 ParOldGen       total 87552K, used 6300K [0x0000000081e00000, 0x0000000087380000, 0x00000000d5f80000)
  object space 87552K, 7% used [0x0000000081e00000,0x0000000082427320,0x0000000087380000)
 Metaspace       used 20113K, capacity 21236K, committed 21296K, reserved 1067008K
  class space    used 2604K, capacity 2850K, committed 2864K, reserved 1048576K
Event: 4.551 GC heap after
Heap after GC invocations=5 (full 1):
 PSYoungGen      total 38400K, used 0K [0x00000000d5f80000, 0x00000000daa80000, 0x0000000100000000)
  eden space 33280K, 0% used [0x00000000d5f80000,0x00000000d5f80000,0x00000000d8000000)
  from space 5120K, 0% used [0x00000000d8500000,0x00000000d8500000,0x00000000d8a00000)
  to   space 5120K, 0% used [0x00000000d8000000,0x00000000d8000000,0x00000000d8500000)
 ParOldGen       total 54784K, used 5813K [0x0000000081e00000, 0x0000000085380000, 0x00000000d5f80000)
  object space 54784K, 10% used [0x0000000081e00000,0x00000000823ad468,0x0000000085380000)
 Metaspace       used 20102K, capacity 21200K, committed 21296K, reserved 1067008K
  class space    used 2601K, capacity 2844K, committed 2864K, reserved 1048576K
}
Event: 5.584 GC heap before
{Heap before GC invocations=6 (full 1):
 PSYoungGen      total 38400K, used 33280K [0x00000000d5f80000, 0x00000000daa80000, 0x0000000100000000)
  eden space 33280K, 100% used [0x00000000d5f80000,0x00000000d8000000,0x00000000d8000000)
  from space 5120K, 0% used [0x00000000d8500000,0x00000000d8500000,0x00000000d8a00000)
  to   space 5120K, 0% used [0x00000000d8000000,0x00000000d8000000,0x00000000d8500000)
 ParOldGen       total 54784K, used 5813K [0x0000000081e00000, 0x0000000085380000, 0x00000000d5f80000)
  object space 54784K, 10% used [0x0000000081e00000,0x00000000823ad468,0x0000000085380000)
 Metaspace       used 24897K, capacity 26136K, committed 26544K, reserved 1073152K
  class space    used 3213K, capacity 3447K, committed 3504K, reserved 1048576K
Event: 5.589 GC heap after
Heap after GC invocations=6 (full 1):
 PSYoungGen      total 38400K, used 4476K [0x00000000d5f80000, 0x00000000da600000, 0x0000000100000000)
  eden space 33280K, 0% used [0x00000000d5f80000,0x00000000d5f80000,0x00000000d8000000)
  from space 5120K, 87% used [0x00000000d8000000,0x00000000d845f008,0x00000000d8500000)
  to   space 9216K, 0% used [0x00000000d9d00000,0x00000000d9d00000,0x00000000da600000)
 ParOldGen       total 54784K, used 5821K [0x0000000081e00000, 0x0000000085380000, 0x00000000d5f80000)
  object space 54784K, 10% used [0x0000000081e00000,0x00000000823af468,0x0000000085380000)
 Metaspace       used 24897K, capacity 26136K, committed 26544K, reserved 1073152K
  class space    used 3213K, capacity 3447K, committed 3504K, reserved 1048576K
}
Event: 11.077 GC heap before
{Heap before GC invocations=7 (full 1):
 PSYoungGen      total 38400K, used 37756K [0x00000000d5f80000, 0x00000000da600000, 0x0000000100000000)
  eden space 33280K, 100% used [0x00000000d5f80000,0x00000000d8000000,0x00000000d8000000)
  from space 5120K, 87% used [0x00000000d8000000,0x00000000d845f008,0x00000000d8500000)
  to   space 9216K, 0% used [0x00000000d9d00000,0x00000000d9d00000,0x00000000da600000)
 ParOldGen       total 54784K, used 5821K [0x0000000081e00000, 0x0000000085380000, 0x00000000d5f80000)
  object space 54784K, 10% used [0x0000000081e00000,0x00000000823af468,0x0000000085380000)
 Metaspace       used 29505K, capacity 30804K, committed 31024K, reserved 1077248K
  class space    used 3850K, capacity 4122K, committed 4144K, reserved 1048576K
Event: 11.091 GC heap after
Heap after GC invocations=7 (full 1):
 PSYoungGen      total 60928K, used 7617K [0x00000000d5f80000, 0x00000000da580000, 0x0000000100000000)
  eden space 52224K, 0% used [0x00000000d5f80000,0x00000000d5f80000,0x00000000d9280000)
  from space 8704K, 87% used [0x00000000d9d00000,0x00000000da470408,0x00000000da580000)
  to   space 9728K, 0% used [0x00000000d9280000,0x00000000d9280000,0x00000000d9c00000)
 ParOldGen       total 54784K, used 5829K [0x0000000081e00000, 0x0000000085380000, 0x00000000d5f80000)
  object space 54784K, 10% used [0x0000000081e00000,0x00000000823b1468,0x0000000085380000)
 Metaspace       used 29505K, capacity 30804K, committed 31024K, reserved 1077248K
  class space    used 3850K, capacity 4122K, committed 4144K, reserved 1048576K
}
Event: 12.157 GC heap before
{Heap before GC invocations=8 (full 1):
 PSYoungGen      total 60928K, used 50288K [0x00000000d5f80000, 0x00000000da580000, 0x0000000100000000)
  eden space 52224K, 81% used [0x00000000d5f80000,0x00000000d892be20,0x00000000d9280000)
  from space 8704K, 87% used [0x00000000d9d00000,0x00000000da470408,0x00000000da580000)
  to   space 9728K, 0% used [0x00000000d9280000,0x00000000d9280000,0x00000000d9c00000)
 ParOldGen       total 54784K, used 5829K [0x0000000081e00000, 0x0000000085380000, 0x00000000d5f80000)
  object space 54784K, 10% used [0x0000000081e00000,0x00000000823b1468,0x0000000085380000)
 Metaspace       used 34012K, capacity 35350K, committed 35496K, reserved 1079296K
  class space    used 4468K, capacity 4747K, committed 4784K, reserved 1048576K
Event: 12.188 GC heap after
Heap after GC invocations=8 (full 1):
 PSYoungGen      total 61952K, used 9357K [0x00000000d5f80000, 0x00000000dc880000, 0x0000000100000000)
  eden space 52224K, 0% used [0x00000000d5f80000,0x00000000d5f80000,0x00000000d9280000)
  from space 9728K, 96% used [0x00000000d9280000,0x00000000d9ba3740,0x00000000d9c00000)
  to   space 10752K, 0% used [0x00000000dbe00000,0x00000000dbe00000,0x00000000dc880000)
 ParOldGen       total 54784K, used 5829K [0x0000000081e00000, 0x0000000085380000, 0x00000000d5f80000)
  object space 54784K, 10% used [0x0000000081e00000,0x00000000823b1468,0x0000000085380000)
 Metaspace       used 34012K, capacity 35350K, committed 35496K, reserved 1079296K
  class space    used 4468K, capacity 4747K, committed 4784K, reserved 1048576K
}
Event: 12.188 GC heap before
{Heap before GC invocations=9 (full 2):
 PSYoungGen      total 61952K, used 9357K [0x00000000d5f80000, 0x00000000dc880000, 0x0000000100000000)
  eden space 52224K, 0% used [0x00000000d5f80000,0x00000000d5f80000,0x00000000d9280000)
  from space 9728K, 96% used [0x00000000d9280000,0x00000000d9ba3740,0x00000000d9c00000)
  to   space 10752K, 0% used [0x00000000dbe00000,0x00000000dbe00000,0x00000000dc880000)
 ParOldGen       total 54784K, used 5829K [0x0000000081e00000, 0x0000000085380000, 0x00000000d5f80000)
  object space 54784K, 10% used [0x0000000081e00000,0x00000000823b1468,0x0000000085380000)
 Metaspace       used 34012K, capacity 35350K, committed 35496K, reserved 1079296K
  class space    used 4468K, capacity 4747K, committed 4784K, reserved 1048576K
Event: 12.307 GC heap after
Heap after GC invocations=9 (full 2):
 PSYoungGen      total 61952K, used 0K [0x00000000d5f80000, 0x00000000dc880000, 0x0000000100000000)
  eden space 52224K, 0% used [0x00000000d5f80000,0x00000000d5f80000,0x00000000d9280000)
  from space 9728K, 0% used [0x00000000d9280000,0x00000000d9280000,0x00000000d9c00000)
  to   space 10752K, 0% used [0x00000000dbe00000,0x00000000dbe00000,0x00000000dc880000)
 ParOldGen       total 82944K, used 13572K [0x0000000081e00000, 0x0000000086f00000, 0x00000000d5f80000)
  object space 82944K, 16% used [0x0000000081e00000,0x0000000082b41398,0x0000000086f00000)
 Metaspace       used 34008K, capacity 35338K, committed 35496K, reserved 1079296K
  class space    used 4467K, capacity 4745K, committed 4784K, reserved 1048576K
}

Deoptimization events (10 events):
Event: 15.012 Thread 0x0000020662970800 Uncommon trap: reason=unloaded action=reinterpret pc=0x000002066453b194 method=sun.nio.cs.UTF_8$Encoder.encodeArrayLoop(Ljava/nio/CharBuffer;Ljava/nio/ByteBuffer;)Ljava/nio/charset/CoderResult; @ 243
Event: 15.012 Thread 0x0000020662970800 Uncommon trap: reason=unstable_if action=reinterpret pc=0x00000206646c1e70 method=java.lang.Character.isHighSurrogate(C)Z @ 3
Event: 15.013 Thread 0x0000020662970800 Uncommon trap: reason=unstable_if action=reinterpret pc=0x0000020664b18834 method=java.lang.Character.isSurrogate(C)Z @ 3
Event: 15.088 Thread 0x0000020662970800 Uncommon trap: reason=unstable_if action=reinterpret pc=0x000002066455f414 method=sun.nio.cs.UTF_8$Encoder.encodeArrayLoop(Ljava/nio/CharBuffer;Ljava/nio/ByteBuffer;)Ljava/nio/charset/CoderResult; @ 239
Event: 15.273 Thread 0x0000020662970800 Uncommon trap: reason=unstable_if action=reinterpret pc=0x00000206645c7be4 method=java.util.Arrays.equals([B[B)Z @ 23
Event: 15.280 Thread 0x0000020662970800 Uncommon trap: reason=class_check action=maybe_recompile pc=0x0000020664bb1b3c method=sun.security.util.AbstractAlgorithmConstraints.checkAlgorithm(Ljava/util/List;Ljava/lang/String;Lsun/security/util/AlgorithmDecomposer;)Z @ 86
Event: 15.280 Thread 0x0000020662970800 Uncommon trap: reason=class_check action=maybe_recompile pc=0x0000020664bb1b3c method=sun.security.util.AbstractAlgorithmConstraints.checkAlgorithm(Ljava/util/List;Ljava/lang/String;Lsun/security/util/AlgorithmDecomposer;)Z @ 86
Event: 15.280 Thread 0x0000020662970800 Uncommon trap: reason=class_check action=maybe_recompile pc=0x0000020664bb1b3c method=sun.security.util.AbstractAlgorithmConstraints.checkAlgorithm(Ljava/util/List;Ljava/lang/String;Lsun/security/util/AlgorithmDecomposer;)Z @ 86
Event: 15.282 Thread 0x0000020662970800 Uncommon trap: reason=class_check action=maybe_recompile pc=0x0000020664bb1b3c method=sun.security.util.AbstractAlgorithmConstraints.checkAlgorithm(Ljava/util/List;Ljava/lang/String;Lsun/security/util/AlgorithmDecomposer;)Z @ 86
Event: 15.292 Thread 0x0000020662970800 Uncommon trap: reason=unstable_if action=reinterpret pc=0x0000020664613938 method=java.lang.String.indexOf([CII[CIII)I @ 27

Classes redefined (0 events):
No events

Internal exceptions (10 events):
Event: 11.970 Thread 0x0000020662970800 Exception <a 'java/lang/NoSuchMethodError': java.lang.Object.lambda$andFinally$1(Lorg/openqa/selenium/remote/http/HttpHandler;Lorg/openqa/selenium/remote/http/HttpRequest;)Lorg/openqa/selenium/remote/http/HttpResponse;> (0x00000000d823e438) thrown at [C:\
Event: 12.841 Thread 0x000002067cf71800 Exception <a 'java/net/SocketTimeoutException': connect timed out> (0x00000000d5fe0fe0) thrown at [C:\jenkins\workspace\8-2-build-windows-amd64-cygwin\jdk8u311\1894\hotspot\src\share\vm\prims\jni.cpp, line 737]
Event: 13.368 Thread 0x000002067cf71800 Exception <a 'java/net/SocketTimeoutException': connect timed out> (0x00000000d5fe24c0) thrown at [C:\jenkins\workspace\8-2-build-windows-amd64-cygwin\jdk8u311\1894\hotspot\src\share\vm\prims\jni.cpp, line 737]
Event: 13.905 Thread 0x000002067cf71800 Exception <a 'java/net/SocketTimeoutException': connect timed out> (0x00000000d5fe39a0) thrown at [C:\jenkins\workspace\8-2-build-windows-amd64-cygwin\jdk8u311\1894\hotspot\src\share\vm\prims\jni.cpp, line 737]
Event: 14.462 Thread 0x000002067cf71800 Exception <a 'java/net/SocketTimeoutException': connect timed out> (0x00000000d5fe4e80) thrown at [C:\jenkins\workspace\8-2-build-windows-amd64-cygwin\jdk8u311\1894\hotspot\src\share\vm\prims\jni.cpp, line 737]
Event: 14.667 Thread 0x0000020662970800 Exception <a 'java/lang/NullPointerException'> (0x00000000d61fea18) thrown at [C:\jenkins\workspace\8-2-build-windows-amd64-cygwin\jdk8u311\1894\hotspot\src\share\vm\interpreter\linkResolver.cpp, line 1185]
Event: 14.667 Thread 0x0000020662970800 Exception <a 'java/lang/reflect/InvocationTargetException'> (0x00000000d61fee08) thrown at [C:\jenkins\workspace\8-2-build-windows-amd64-cygwin\jdk8u311\1894\hotspot\src\share\vm\runtime\reflection.cpp, line 1092]
Event: 14.717 Thread 0x0000020662970800 Exception <a 'java/lang/NullPointerException'> (0x00000000d6306ff0) thrown at [C:\jenkins\workspace\8-2-build-windows-amd64-cygwin\jdk8u311\1894\hotspot\src\share\vm\interpreter\linkResolver.cpp, line 1287]
Event: 14.717 Thread 0x0000020662970800 Exception <a 'java/lang/reflect/InvocationTargetException'> (0x00000000d63073e0) thrown at [C:\jenkins\workspace\8-2-build-windows-amd64-cygwin\jdk8u311\1894\hotspot\src\share\vm\runtime\reflection.cpp, line 1092]
Event: 15.064 Thread 0x000002067cf71800 Exception <a 'java/net/SocketTimeoutException': connect timed out> (0x00000000d5fe6360) thrown at [C:\jenkins\workspace\8-2-build-windows-amd64-cygwin\jdk8u311\1894\hotspot\src\share\vm\prims\jni.cpp, line 737]

Events (10 events):
Event: 15.288 loading class sun/security/validator/CADistrustPolicy$2 done
Event: 15.289 loading class sun/security/validator/SymantecTLSPolicy
Event: 15.289 loading class sun/security/validator/SymantecTLSPolicy done
Event: 15.289 loading class java/time/Month
Event: 15.290 loading class java/time/Month done
Event: 15.290 loading class sun/security/util/HostnameChecker
Event: 15.291 loading class sun/security/util/HostnameChecker done
Event: 15.292 Thread 0x0000020662970800 Uncommon trap: trap_request=0xffffff65 fr.pc=0x0000020664613938
Event: 15.292 Thread 0x0000020662970800 DEOPT PACKING pc=0x0000020664613938 sp=0x000000baeadfda30
Event: 15.292 Thread 0x0000020662970800 DEOPT UNPACKING pc=0x00000206643c58c3 sp=0x000000baeadfd990 mode 2


Dynamic libraries:
0x00007ff727380000 - 0x00007ff7273c7000 	C:\Program Files\Java\jdk1.8.0_311\bin\javaw.exe
0x00007ffe1a0b0000 - 0x00007ffe1a2a8000 	C:\Windows\SYSTEM32\ntdll.dll
0x00007ffe18f60000 - 0x00007ffe1901d000 	C:\Windows\System32\KERNEL32.DLL
0x00007ffe17b50000 - 0x00007ffe17e1e000 	C:\Windows\System32\KERNELBASE.dll
0x00007ffe188c0000 - 0x00007ffe1896e000 	C:\Windows\System32\ADVAPI32.dll
0x00007ffe19f70000 - 0x00007ffe1a00e000 	C:\Windows\System32\msvcrt.dll
0x00007ffe19a50000 - 0x00007ffe19aec000 	C:\Windows\System32\sechost.dll
0x00007ffe19110000 - 0x00007ffe19235000 	C:\Windows\System32\RPCRT4.dll
0x00007ffe18a60000 - 0x00007ffe18c00000 	C:\Windows\System32\USER32.dll
0x00007ffe180e0000 - 0x00007ffe18102000 	C:\Windows\System32\win32u.dll
0x00007ffe190e0000 - 0x00007ffe1910a000 	C:\Windows\System32\GDI32.dll
0x00007ffe17fd0000 - 0x00007ffe180db000 	C:\Windows\System32\gdi32full.dll
0x00007ffe17ab0000 - 0x00007ffe17b4d000 	C:\Windows\System32\msvcp_win.dll
0x00007ffe17910000 - 0x00007ffe17a10000 	C:\Windows\System32\ucrtbase.dll
0x00007ffe0d130000 - 0x00007ffe0d3ca000 	C:\Windows\WinSxS\amd64_microsoft.windows.common-controls_6595b64144ccf1df_6.0.19041.1110_none_60b5254171f9507e\COMCTL32.dll
0x00007ffe190a0000 - 0x00007ffe190d0000 	C:\Windows\System32\IMM32.DLL
0x00007ffe12bf0000 - 0x00007ffe12c05000 	C:\Program Files\Java\jdk1.8.0_311\jre\bin\vcruntime140.dll
0x00007ffe128a0000 - 0x00007ffe1293b000 	C:\Program Files\Java\jdk1.8.0_311\jre\bin\msvcp140.dll
0x00000000765f0000 - 0x0000000076e50000 	C:\Program Files\Java\jdk1.8.0_311\jre\bin\server\jvm.dll
0x00007ffe19240000 - 0x00007ffe19248000 	C:\Windows\System32\PSAPI.DLL
0x00007ffe0d690000 - 0x00007ffe0d6b7000 	C:\Windows\SYSTEM32\WINMM.dll
0x00007ffe050c0000 - 0x00007ffe050c9000 	C:\Windows\SYSTEM32\WSOCK32.dll
0x00007ffe19cb0000 - 0x00007ffe19d1b000 	C:\Windows\System32\WS2_32.dll
0x00007ffe05470000 - 0x00007ffe0547a000 	C:\Windows\SYSTEM32\VERSION.dll
0x00007ffe155f0000 - 0x00007ffe15602000 	C:\Windows\SYSTEM32\kernel.appcore.dll
0x00007ffe14ab0000 - 0x00007ffe14ac0000 	C:\Program Files\Java\jdk1.8.0_311\jre\bin\verify.dll
0x00007ffe12830000 - 0x00007ffe1285b000 	C:\Program Files\Java\jdk1.8.0_311\jre\bin\java.dll
0x00007ffe12880000 - 0x00007ffe12898000 	C:\Program Files\Java\jdk1.8.0_311\jre\bin\zip.dll
0x00007ffe19250000 - 0x00007ffe19994000 	C:\Windows\System32\SHELL32.dll
0x00007ffe158d0000 - 0x00007ffe16064000 	C:\Windows\SYSTEM32\windows.storage.dll
0x00007ffe18c00000 - 0x00007ffe18f54000 	C:\Windows\System32\combase.dll
0x00007ffe17230000 - 0x00007ffe17260000 	C:\Windows\SYSTEM32\Wldp.dll
0x00007ffe18110000 - 0x00007ffe181bd000 	C:\Windows\System32\SHCORE.dll
0x00007ffe1a010000 - 0x00007ffe1a065000 	C:\Windows\System32\shlwapi.dll
0x00007ffe17710000 - 0x00007ffe1772f000 	C:\Windows\SYSTEM32\profapi.dll
0x00007ffe12790000 - 0x00007ffe127ac000 	C:\Program Files\Java\jdk1.8.0_311\jre\bin\net.dll
0x00007ffe16f90000 - 0x00007ffe16ffa000 	C:\Windows\system32\mswsock.dll
0x00007ffe121f0000 - 0x00007ffe12203000 	C:\Program Files\Java\jdk1.8.0_311\jre\bin\nio.dll
0x00007ffe17180000 - 0x00007ffe17198000 	C:\Windows\SYSTEM32\CRYPTSP.dll
0x00007ffe168a0000 - 0x00007ffe168d4000 	C:\Windows\system32\rsaenh.dll
0x00007ffe17a80000 - 0x00007ffe17aa7000 	C:\Windows\System32\bcrypt.dll
0x00007ffe176d0000 - 0x00007ffe176fe000 	C:\Windows\SYSTEM32\USERENV.dll
0x00007ffe17880000 - 0x00007ffe17902000 	C:\Windows\System32\bcryptprimitives.dll
0x00007ffe171a0000 - 0x00007ffe171ac000 	C:\Windows\SYSTEM32\CRYPTBASE.dll
0x00007ffe16c30000 - 0x00007ffe16c6b000 	C:\Windows\SYSTEM32\IPHLPAPI.DLL
0x00007ffe18970000 - 0x00007ffe18978000 	C:\Windows\System32\NSI.dll
0x00007ffe0f0d0000 - 0x00007ffe0f0e7000 	C:\Windows\SYSTEM32\dhcpcsvc6.DLL
0x00007ffe0f700000 - 0x00007ffe0f71d000 	C:\Windows\SYSTEM32\dhcpcsvc.DLL
0x00007ffe16c80000 - 0x00007ffe16d4a000 	C:\Windows\SYSTEM32\DNSAPI.dll
0x00007ffe12fd0000 - 0x00007ffe12fdd000 	C:\Program Files\Java\jdk1.8.0_311\jre\bin\management.dll
0x00007ffe11e60000 - 0x00007ffe11e77000 	C:\Windows\system32\napinsp.dll
0x00007ffe11e80000 - 0x00007ffe11e9b000 	C:\Windows\system32\pnrpnsp.dll
0x00007ffdff3b0000 - 0x00007ffdff3c5000 	C:\Windows\system32\wshbth.dll
0x00007ffe110f0000 - 0x00007ffe1110d000 	C:\Windows\system32\NLAapi.dll
0x00007ffe12ab0000 - 0x00007ffe12ac2000 	C:\Windows\System32\winrnr.dll
0x00007ffe0c1d0000 - 0x00007ffe0c1da000 	C:\Windows\System32\rasadhlp.dll
0x00007ffe0cd60000 - 0x00007ffe0cde0000 	C:\Windows\System32\fwpuclnt.dll
0x00007ffe11ed0000 - 0x00007ffe11ef4000 	C:\Program Files\Java\jdk1.8.0_311\jre\bin\sunec.dll
0x00007ffe12ad0000 - 0x00007ffe12add000 	C:\Program Files\Java\jdk1.8.0_311\jre\bin\sunmscapi.dll
0x00007ffe17e70000 - 0x00007ffe17fc6000 	C:\Windows\System32\CRYPT32.dll
0x00007ffe172a0000 - 0x00007ffe172c7000 	C:\Windows\SYSTEM32\ncrypt.dll
0x00007ffe17260000 - 0x00007ffe1729b000 	C:\Windows\SYSTEM32\NTASN1.dll
0x00007ffe13280000 - 0x00007ffe13464000 	C:\Windows\SYSTEM32\dbghelp.dll

VM Arguments:
jvm_args: -ea -Dfile.encoding=UTF-8 
java_command: org.eclipse.jdt.internal.junit.runner.RemoteTestRunner -version 3 -port 59509 -testLoaderClass org.eclipse.jdt.internal.junit4.runner.JUnit4TestLoader -loaderpluginname org.eclipse.jdt.junit4.runtime -classNames com.LMS.runner.Runner
java_class_path (initial): C:\Users\admin\eclipse-workspace\LMSProject\target\test-classes;C:\Users\admin\eclipse-workspace\LMSProject\target\classes;C:\Users\admin\.p2\pool\plugins\org.testng_7.4.0.r202105021533.jar;C:\Users\admin\.p2\pool\plugins\com.beust.jcommander_1.78.0.jar;C:\Users\admin\.p2\pool\plugins\org.apache-extras.beanshell.bsh_2.0.0.b6.jar;C:\Users\admin\.p2\pool\plugins\org.yaml.snakeyaml_1.21.0.jar;C:\Users\admin\.p2\pool\plugins\org.webjars.jquery_3.5.1.jar;C:\Users\admin\.m2\repository\junit\junit\4.13.2\junit-4.13.2.jar;C:\Users\admin\.m2\repository\org\hamcrest\hamcrest-core\1.3\hamcrest-core-1.3.jar;C:\Users\admin\.m2\repository\io\cucumber\cucumber-core\7.8.0\cucumber-core-7.8.0.jar;C:\Users\admin\.m2\repository\io\cucumber\cucumber-gherkin\7.8.0\cucumber-gherkin-7.8.0.jar;C:\Users\admin\.m2\repository\io\cucumber\cucumber-gherkin-messages\7.8.0\cucumber-gherkin-messages-7.8.0.jar;C:\Users\admin\.m2\repository\io\cucumber\gherkin\24.0.0\gherkin-24.0.0.jar;C:\Users\admin\.m2\repository\io\cucumber\messages\19.1.2\messages-19.1.2.jar;C:\Users\admin\.m2\repository\io\cucumber\tag-expressions\4.1.0\tag-expressions-4.1.0.jar;C:\Users\admin\.m2\repository\io\cucumber\cucumber-expressions\16.0.0\cucumber-expressions-16.0.0.jar;C:\Users\admin\.m2\repository\io\cucumber\datatable\7.8.0\datatable-7.8.0.jar;C:\Users\admin\.m2\repository\io\cucumber\cucumber-plugin\7.8.0\cucumber-plugin-7.8.0.jar;C:\Users\admin\.m2\repository\io\cucumber\docstring\7.8.0\docstring-7.8.0.jar;C:\Users\admin\.m2\repository\io\cucumber\html-formatter\20.1.0\html-formatter-20.1.0.jar;C:\Users\admin\.m2\repository\io\cucumber\ci-environment\9.1.0\ci-environment-9.1.0.jar;C:\Users\admin\.m2\repository\org\apiguardian\apiguardian-api\1.1.2\apiguardian-api-1.1.2.jar;C:\Users\admin\.m2\repository\io\cucumber\cucumber-html\0.2.7\cucumber-html-0.2.7.jar;C:\Users\admin\.m2\repository\io\cucumber\cucumber-java\7.8.0\cucumber-java-7.8.0.jar;C:\Users\admin\.m2\repository\io\cucumber\cu
Launcher Type: SUN_STANDARD

Environment Variables:
JAVA_HOME=C:\Program Files\Java\jdk1.8.0_311
PATH=C:/Users/admin/.p2/pool/plugins/org.eclipse.justj.openjdk.hotspot.jre.full.win32.x86_64_17.0.2.v20220201-1208/jre/bin/server;C:/Users/admin/.p2/pool/plugins/org.eclipse.justj.openjdk.hotspot.jre.full.win32.x86_64_17.0.2.v20220201-1208/jre/bin;C:\Program Files (x86)\Common Files\Oracle\Java\javapath;C:\Windows\system32;C:\Windows;C:\Windows\System32\Wbem;C:\Windows\System32\WindowsPowerShell\v1.0\;C:\Windows\System32\OpenSSH\;C:\Users\admin\Downloads\apache-maven-3.8.5-bin (1)\apache-maven-3.8.5\bin;C:\Program Files\nodejs\;C:\Program Files\Java\allure-2.18.0\bin;C:\Program Files\Git\cmd;C:\Users\admin\AppData\Local\Microsoft\WindowsApps;C:\Users\admin\AppData\Roaming\npm;C:\Windows\system32;
USERNAME=admin
OS=Windows_NT
PROCESSOR_IDENTIFIER=Intel64 Family 6 Model 61 Stepping 4, GenuineIntel



---------------  S Y S T E M  ---------------

OS: Windows 10.0 , 64 bit Build 19041 (10.0.19041.1889)

CPU:total 4 (initial active 4) (2 cores per cpu, 2 threads per core) family 6 model 61 stepping 4, cmov, cx8, fxsr, mmx, sse, sse2, sse3, ssse3, sse4.1, sse4.2, popcnt, avx, avx2, aes, clmul, erms, rtm, 3dnowpref, lzcnt, ht, tsc, tscinvbit, bmi1, bmi2, adx

Memory: 4k page, physical 8257804k(216376k free), swap 23807284k(1888k free)

vm_info: Java HotSpot(TM) 64-Bit Server VM (25.311-b11) for windows-amd64 JRE (1.8.0_311-b11), built on Sep 27 2021 05:15:14 by "java_re" with MS VC++ 15.9 (VS2017)

time: Fri Sep 23 14:33:50 2022
timezone: Central Daylight Time
elapsed time: 15.389473 seconds (0d 0h 0m 15s)

