#
# There is insufficient memory for the Java Runtime Environment to continue.
# Native memory allocation (malloc) failed to allocate 325216 bytes for Chunk::new
# Possible reasons:
#   The system is out of physical RAM or swap space
#   The process is running with CompressedOops enabled, and the Java Heap may be blocking the growth of the native heap
# Possible solutions:
#   Reduce memory load on the system
#   Increase physical memory or swap space
#   Check if swap backing store is full
#   Decrease Java heap size (-Xmx/-Xms)
#   Decrease number of Java threads
#   Decrease Java thread stack sizes (-Xss)
#   Set larger code cache with -XX:ReservedCodeCacheSize=
#   JVM is running with Unscaled Compressed Oops mode in which the Java heap is
#     placed in the first 4GB address space. The Java Heap base address is the
#     maximum limit for the native heap growth. Please use -XX:HeapBaseMinAddress
#     to set the Java Heap base and to place the Java Heap above 4GB virtual address.
# This output file may be truncated or incomplete.
#
#  Out of Memory Error (allocation.cpp:389), pid=5368, tid=0x0000000000002f28
#
# JRE version: Java(TM) SE Runtime Environment (8.0_311-b11) (build 1.8.0_311-b11)
# Java VM: Java HotSpot(TM) 64-Bit Server VM (25.311-b11 mixed mode windows-amd64 compressed oops)
# Failed to write core dump. Minidumps are not enabled by default on client versions of Windows
#

---------------  T H R E A D  ---------------

Current thread (0x000002d87f48c800):  JavaThread "C2 CompilerThread0" daemon [_thread_in_native, id=12072, stack(0x000000ee8a500000,0x000000ee8a600000)]

Stack: [0x000000ee8a500000,0x000000ee8a600000]
Native frames: (J=compiled Java code, j=interpreted, Vv=VM code, C=native code)
V  [jvm.dll+0x32f239]


Current CompileTask:
C2:   2340  929  s    4       sun.misc.URLClassPath::getNextLoader (88 bytes)


---------------  P R O C E S S  ---------------

Java Threads: ( => current thread )
  0x000002d801759800 JavaThread "ReaderThread" [_thread_in_native, id=3488, stack(0x000000ee8aa00000,0x000000ee8ab00000)]
  0x000002d87f4d9000 JavaThread "Service Thread" daemon [_thread_blocked, id=1584, stack(0x000000ee8a800000,0x000000ee8a900000)]
  0x000002d87f497800 JavaThread "C1 CompilerThread2" daemon [_thread_blocked, id=15380, stack(0x000000ee8a700000,0x000000ee8a800000)]
  0x000002d87f492800 JavaThread "C2 CompilerThread1" daemon [_thread_in_native, id=3204, stack(0x000000ee8a600000,0x000000ee8a700000)]
=>0x000002d87f48c800 JavaThread "C2 CompilerThread0" daemon [_thread_in_native, id=12072, stack(0x000000ee8a500000,0x000000ee8a600000)]
  0x000002d87f487800 JavaThread "Attach Listener" daemon [_thread_blocked, id=14456, stack(0x000000ee8a400000,0x000000ee8a500000)]
  0x000002d87f486800 JavaThread "Signal Dispatcher" daemon [_thread_blocked, id=20376, stack(0x000000ee8a300000,0x000000ee8a400000)]
  0x000002d87f45b800 JavaThread "Finalizer" daemon [_thread_blocked, id=4788, stack(0x000000ee8a200000,0x000000ee8a300000)]
  0x000002d87f454000 JavaThread "Reference Handler" daemon [_thread_blocked, id=6504, stack(0x000000ee8a100000,0x000000ee8a200000)]
  0x000002d8692ee800 JavaThread "main" [_thread_in_native, id=22124, stack(0x000000ee89b00000,0x000000ee89c00000)]

Other Threads:
  0x000002d87f42a000 VMThread [stack: 0x000000ee8a000000,0x000000ee8a100000] [id=3012]
  0x000002d87f53c800 WatcherThread [stack: 0x000000ee8a900000,0x000000ee8aa00000] [id=14052]

VM state:not at safepoint (normal execution)

VM Mutex/Monitor currently owned by a thread: None

heap address: 0x0000000081e00000, size: 2018 MB, Compressed Oops mode: 32-bit
Narrow klass base: 0x0000000000000000, Narrow klass shift: 3
Compressed class space size: 1073741824 Address: 0x0000000100000000

Heap:
 PSYoungGen      total 38400K, used 24124K [0x00000000d5f80000, 0x00000000d8a00000, 0x0000000100000000)
  eden space 33280K, 72% used [0x00000000d5f80000,0x00000000d770f350,0x00000000d8000000)
  from space 5120K, 0% used [0x00000000d8500000,0x00000000d8500000,0x00000000d8a00000)
  to   space 5120K, 0% used [0x00000000d8000000,0x00000000d8000000,0x00000000d8500000)
 ParOldGen       total 87552K, used 0K [0x0000000081e00000, 0x0000000087380000, 0x00000000d5f80000)
  object space 87552K, 0% used [0x0000000081e00000,0x0000000081e00000,0x0000000087380000)
 Metaspace       used 8249K, capacity 8690K, committed 8960K, reserved 1056768K
  class space    used 1022K, capacity 1153K, committed 1280K, reserved 1048576K

Card table byte_map: [0x000002d87a0b0000,0x000002d87a4b0000] byte_map_base: 0x000002d879ca1000

Marking Bits: (ParMarkBitMap*) 0x0000000076dd8030
 Begin Bits: [0x000002d87a760000, 0x000002d87c6e8000)
 End Bits:   [0x000002d87c6e8000, 0x000002d87e670000)

Polling page: 0x000002d8693f0000

CodeCache: size=245760Kb used=3616Kb max_used=3616Kb free=242143Kb
 bounds [0x000002d86acf0000, 0x000002d86b080000, 0x000002d879cf0000]
 total_blobs=1248 nmethods=928 adapters=233
 compilation: enabled

Compilation events (10 events):
Event: 2.312 Thread 0x000002d87f497800 nmethod 925 0x000002d86b073650 code [0x000002d86b073a00, 0x000002d86b075c50]
Event: 2.315 Thread 0x000002d87f497800  926       3       sun.misc.ASCIICaseInsensitiveComparator::lowerCaseHashCode (36 bytes)
Event: 2.316 Thread 0x000002d87f497800 nmethod 926 0x000002d86b076a50 code [0x000002d86b076c00, 0x000002d86b077270]
Event: 2.316 Thread 0x000002d87f497800  927       3       java.util.jar.Manifest$FastInputStream::readLine (9 bytes)
Event: 2.316 Thread 0x000002d87f497800 nmethod 927 0x000002d86b077590 code [0x000002d86b077700, 0x000002d86b0778b0]
Event: 2.316 Thread 0x000002d87f497800  928       3       java.lang.Class::checkInitted (19 bytes)
Event: 2.317 Thread 0x000002d87f497800 nmethod 928 0x000002d86b077990 code [0x000002d86b077b00, 0x000002d86b077dd0]
Event: 2.318 Thread 0x000002d87f48c800  929  s    4       sun.misc.URLClassPath::getNextLoader (88 bytes)
Event: 2.326 Thread 0x000002d87f497800  931       3       sun.misc.JarIndex::get (49 bytes)
Event: 2.327 Thread 0x000002d87f497800 nmethod 931 0x000002d86b077ed0 code [0x000002d86b0780a0, 0x000002d86b078920]

GC Heap History (0 events):
No events

Deoptimization events (7 events):
Event: 1.113 Thread 0x000002d8692ee800 Uncommon trap: reason=unstable_if action=reinterpret pc=0x000002d86ae0b920 method=java.lang.String.hashCode()I @ 14
Event: 1.410 Thread 0x000002d8692ee800 Uncommon trap: reason=unstable_if action=reinterpret pc=0x000002d86ae8cf38 method=java.lang.String.indexOf([CII[CIII)I @ 3
Event: 1.418 Thread 0x000002d8692ee800 Uncommon trap: reason=unstable_if action=reinterpret pc=0x000002d86aef0714 method=sun.misc.URLClassPath.getLoader(I)Lsun/misc/URLClassPath$Loader; @ 36
Event: 1.418 Thread 0x000002d8692ee800 Uncommon trap: reason=unstable_if action=reinterpret pc=0x000002d86aec5e1c method=sun.misc.URLClassPath.getLoader(I)Lsun/misc/URLClassPath$Loader; @ 36
Event: 1.419 Thread 0x000002d8692ee800 Uncommon trap: reason=unstable_if action=reinterpret pc=0x000002d86af07e70 method=sun.misc.MetaIndex.mayContain(Ljava/lang/String;)Z @ 13
Event: 1.657 Thread 0x000002d8692ee800 Uncommon trap: reason=unstable_if action=reinterpret pc=0x000002d86ae78240 method=java.io.WinNTFileSystem.isLetter(C)Z @ 15
Event: 2.199 Thread 0x000002d8692ee800 Uncommon trap: reason=unstable_if action=reinterpret pc=0x000002d86ae8c3a8 method=java.io.WinNTFileSystem.normalize(Ljava/lang/String;)Ljava/lang/String; @ 128

Classes redefined (0 events):
No events

Internal exceptions (10 events):
Event: 1.498 Thread 0x000002d8692ee800 Exception <a 'java/lang/NoSuchFieldError': method resolution failed> (0x00000000d6b41640) thrown at [C:\jenkins\workspace\8-2-build-windows-amd64-cygwin\jdk8u311\1894\hotspot\src\share\vm\prims\methodHandles.cpp, line 1169]
Event: 1.501 Thread 0x000002d8692ee800 Exception <a 'java/lang/NoSuchFieldError': method resolution failed> (0x00000000d6b4ed30) thrown at [C:\jenkins\workspace\8-2-build-windows-amd64-cygwin\jdk8u311\1894\hotspot\src\share\vm\prims\methodHandles.cpp, line 1169]
Event: 1.552 Thread 0x000002d8692ee800 Exception <a 'java/lang/NoSuchMethodError': java.lang.Object.lambda$andThen$1(Ljava/util/function/Function;Ljava/lang/Object;)Ljava/lang/Object;> (0x00000000d6bfc878) thrown at [C:\jenkins\workspace\8-2-build-windows-amd64-cygwin\jdk8u311\1894\hotspot\src
Event: 1.577 Thread 0x000002d8692ee800 Exception <a 'java/lang/NoSuchMethodError': java.lang.Object.lambda$identity$2(Ljava/lang/Object;)Ljava/lang/Object;> (0x00000000d6c7aab8) thrown at [C:\jenkins\workspace\8-2-build-windows-amd64-cygwin\jdk8u311\1894\hotspot\src\share\vm\interpreter\linkRe
Event: 1.598 Thread 0x000002d8692ee800 Exception <a 'java/lang/NoSuchMethodError': java.lang.Object.lambda$comparing$77a9974f$1(Ljava/util/function/Function;Ljava/lang/Object;Ljava/lang/Object;)I> (0x00000000d6cdf580) thrown at [C:\jenkins\workspace\8-2-build-windows-amd64-cygwin\jdk8u311\1894
Event: 1.602 Thread 0x000002d8692ee800 Exception <a 'java/lang/NoSuchMethodError': java.lang.Object.lambda$thenComparing$36697e65$1(Ljava/util/Comparator;Ljava/lang/Object;Ljava/lang/Object;)I> (0x00000000d6cf2438) thrown at [C:\jenkins\workspace\8-2-build-windows-amd64-cygwin\jdk8u311\1894\ho
Event: 1.743 Thread 0x000002d8692ee800 Exception <a 'sun/nio/fs/WindowsException'> (0x00000000d6f0cf48) thrown at [C:\jenkins\workspace\8-2-build-windows-amd64-cygwin\jdk8u311\1894\hotspot\src\share\vm\prims\jni.cpp, line 710]
Event: 1.762 Thread 0x000002d8692ee800 Exception <a 'java/lang/NoSuchMethodError': java.lang.Object.lambda$andThen$0(Ljava/util/function/Function;Ljava/lang/Object;Ljava/lang/Object;)Ljava/lang/Object;> (0x00000000d6f3c650) thrown at [C:\jenkins\workspace\8-2-build-windows-amd64-cygwin\jdk8u31
Event: 2.304 Thread 0x000002d8692ee800 Exception <a 'sun/nio/fs/WindowsException'> (0x00000000d7522350) thrown at [C:\jenkins\workspace\8-2-build-windows-amd64-cygwin\jdk8u311\1894\hotspot\src\share\vm\prims\jni.cpp, line 710]
Event: 2.309 Thread 0x000002d8692ee800 Exception <a 'sun/nio/fs/WindowsException'> (0x00000000d7536ec8) thrown at [C:\jenkins\workspace\8-2-build-windows-amd64-cygwin\jdk8u311\1894\hotspot\src\share\vm\prims\jni.cpp, line 710]

Events (10 events):
Event: 2.330 loading class org/apache/xerces/xni/XMLDTDContentModelHandler
Event: 2.330 loading class org/apache/xerces/xni/XMLDTDContentModelHandler done
Event: 2.331 loading class org/apache/xerces/parsers/XMLParser
Event: 2.331 loading class org/apache/xerces/parsers/XMLParser done
Event: 2.333 loading class org/apache/xerces/parsers/DOMParser
Event: 2.333 loading class org/apache/xerces/parsers/DOMParser done
Event: 2.335 loading class org/xml/sax/ErrorHandler
Event: 2.335 loading class org/xml/sax/ErrorHandler done
Event: 2.335 loading class org/apache/xerces/xni/parser/XMLDTDSource
Event: 2.335 loading class org/apache/xerces/xni/parser/XMLDTDSource done


Dynamic libraries:
0x00007ff6eb0f0000 - 0x00007ff6eb137000 	C:\Program Files\Java\jdk1.8.0_311\bin\javaw.exe
0x00007ffe1a0b0000 - 0x00007ffe1a2a8000 	C:\Windows\SYSTEM32\ntdll.dll
0x00007ffe18f60000 - 0x00007ffe1901d000 	C:\Windows\System32\KERNEL32.DLL
0x00007ffe17b50000 - 0x00007ffe17e1e000 	C:\Windows\System32\KERNELBASE.dll
0x00007ffe188c0000 - 0x00007ffe1896e000 	C:\Windows\System32\ADVAPI32.dll
0x00007ffe19f70000 - 0x00007ffe1a00e000 	C:\Windows\System32\msvcrt.dll
0x00007ffe19a50000 - 0x00007ffe19aec000 	C:\Windows\System32\sechost.dll
0x00007ffe19110000 - 0x00007ffe19235000 	C:\Windows\System32\RPCRT4.dll
0x00007ffe18a60000 - 0x00007ffe18c00000 	C:\Windows\System32\USER32.dll
0x00007ffe180e0000 - 0x00007ffe18102000 	C:\Windows\System32\win32u.dll
0x00007ffe190e0000 - 0x00007ffe1910a000 	C:\Windows\System32\GDI32.dll
0x00007ffe17fd0000 - 0x00007ffe180db000 	C:\Windows\System32\gdi32full.dll
0x00007ffe17ab0000 - 0x00007ffe17b4d000 	C:\Windows\System32\msvcp_win.dll
0x00007ffe17910000 - 0x00007ffe17a10000 	C:\Windows\System32\ucrtbase.dll
0x00007ffe0d130000 - 0x00007ffe0d3ca000 	C:\Windows\WinSxS\amd64_microsoft.windows.common-controls_6595b64144ccf1df_6.0.19041.1110_none_60b5254171f9507e\COMCTL32.dll
0x00007ffe190a0000 - 0x00007ffe190d0000 	C:\Windows\System32\IMM32.DLL
0x00007ffe12920000 - 0x00007ffe12935000 	C:\Program Files\Java\jdk1.8.0_311\jre\bin\vcruntime140.dll
0x00007ffdfdc20000 - 0x00007ffdfdcbb000 	C:\Program Files\Java\jdk1.8.0_311\jre\bin\msvcp140.dll
0x00000000765f0000 - 0x0000000076e50000 	C:\Program Files\Java\jdk1.8.0_311\jre\bin\server\jvm.dll
0x00007ffe19240000 - 0x00007ffe19248000 	C:\Windows\System32\PSAPI.DLL
0x00007ffe0d690000 - 0x00007ffe0d6b7000 	C:\Windows\SYSTEM32\WINMM.dll
0x00007ffe050c0000 - 0x00007ffe050c9000 	C:\Windows\SYSTEM32\WSOCK32.dll
0x00007ffe05470000 - 0x00007ffe0547a000 	C:\Windows\SYSTEM32\VERSION.dll
0x00007ffe19cb0000 - 0x00007ffe19d1b000 	C:\Windows\System32\WS2_32.dll
0x00007ffe155f0000 - 0x00007ffe15602000 	C:\Windows\SYSTEM32\kernel.appcore.dll
0x00007ffe12fd0000 - 0x00007ffe12fe0000 	C:\Program Files\Java\jdk1.8.0_311\jre\bin\verify.dll
0x00007ffe11e30000 - 0x00007ffe11e5b000 	C:\Program Files\Java\jdk1.8.0_311\jre\bin\java.dll
0x00007ffe12900000 - 0x00007ffe12918000 	C:\Program Files\Java\jdk1.8.0_311\jre\bin\zip.dll
0x00007ffe19250000 - 0x00007ffe19994000 	C:\Windows\System32\SHELL32.dll
0x00007ffe158d0000 - 0x00007ffe16064000 	C:\Windows\SYSTEM32\windows.storage.dll
0x00007ffe18c00000 - 0x00007ffe18f54000 	C:\Windows\System32\combase.dll
0x00007ffe17230000 - 0x00007ffe17260000 	C:\Windows\SYSTEM32\Wldp.dll
0x00007ffe18110000 - 0x00007ffe181bd000 	C:\Windows\System32\SHCORE.dll
0x00007ffe1a010000 - 0x00007ffe1a065000 	C:\Windows\System32\shlwapi.dll
0x00007ffe17710000 - 0x00007ffe1772f000 	C:\Windows\SYSTEM32\profapi.dll
0x00007ffe121f0000 - 0x00007ffe1220c000 	C:\Program Files\Java\jdk1.8.0_311\jre\bin\net.dll
0x00007ffe16f90000 - 0x00007ffe16ffa000 	C:\Windows\system32\mswsock.dll
0x00007ffe11c70000 - 0x00007ffe11c83000 	C:\Program Files\Java\jdk1.8.0_311\jre\bin\nio.dll
0x00007ffe17180000 - 0x00007ffe17198000 	C:\Windows\SYSTEM32\CRYPTSP.dll
0x00007ffe168a0000 - 0x00007ffe168d4000 	C:\Windows\system32\rsaenh.dll
0x00007ffe17a80000 - 0x00007ffe17aa7000 	C:\Windows\System32\bcrypt.dll
0x00007ffe176d0000 - 0x00007ffe176fe000 	C:\Windows\SYSTEM32\USERENV.dll
0x00007ffe17880000 - 0x00007ffe17902000 	C:\Windows\System32\bcryptprimitives.dll
0x00007ffe171a0000 - 0x00007ffe171ac000 	C:\Windows\SYSTEM32\CRYPTBASE.dll
0x00007ffe16c30000 - 0x00007ffe16c6b000 	C:\Windows\SYSTEM32\IPHLPAPI.DLL
0x00007ffe18970000 - 0x00007ffe18978000 	C:\Windows\System32\NSI.dll
0x00007ffe0f0d0000 - 0x00007ffe0f0e7000 	C:\Windows\SYSTEM32\dhcpcsvc6.DLL
0x00007ffe0f700000 - 0x00007ffe0f71d000 	C:\Windows\SYSTEM32\dhcpcsvc.DLL
0x00007ffe16c80000 - 0x00007ffe16d4a000 	C:\Windows\SYSTEM32\DNSAPI.dll

VM Arguments:
jvm_args: -ea -Dfile.encoding=UTF-8 
java_command: org.eclipse.jdt.internal.junit.runner.RemoteTestRunner -version 3 -port 59365 -testLoaderClass org.eclipse.jdt.internal.junit4.runner.JUnit4TestLoader -loaderpluginname org.eclipse.jdt.junit4.runtime -classNames com.LMS.runner.Runner
java_class_path (initial): C:\Users\admin\eclipse-workspace\LMSProject\target\test-classes;C:\Users\admin\eclipse-workspace\LMSProject\target\classes;C:\Users\admin\.p2\pool\plugins\org.testng_7.4.0.r202105021533.jar;C:\Users\admin\.p2\pool\plugins\com.beust.jcommander_1.78.0.jar;C:\Users\admin\.p2\pool\plugins\org.apache-extras.beanshell.bsh_2.0.0.b6.jar;C:\Users\admin\.p2\pool\plugins\org.yaml.snakeyaml_1.21.0.jar;C:\Users\admin\.p2\pool\plugins\org.webjars.jquery_3.5.1.jar;C:\Users\admin\.m2\repository\junit\junit\4.13.2\junit-4.13.2.jar;C:\Users\admin\.m2\repository\org\hamcrest\hamcrest-core\1.3\hamcrest-core-1.3.jar;C:\Users\admin\.m2\repository\io\cucumber\cucumber-core\7.8.0\cucumber-core-7.8.0.jar;C:\Users\admin\.m2\repository\io\cucumber\cucumber-gherkin\7.8.0\cucumber-gherkin-7.8.0.jar;C:\Users\admin\.m2\repository\io\cucumber\cucumber-gherkin-messages\7.8.0\cucumber-gherkin-messages-7.8.0.jar;C:\Users\admin\.m2\repository\io\cucumber\gherkin\24.0.0\gherkin-24.0.0.jar;C:\Users\admin\.m2\repository\io\cucumber\messages\19.1.2\messages-19.1.2.jar;C:\Users\admin\.m2\repository\io\cucumber\tag-expressions\4.1.0\tag-expressions-4.1.0.jar;C:\Users\admin\.m2\repository\io\cucumber\cucumber-expressions\16.0.0\cucumber-expressions-16.0.0.jar;C:\Users\admin\.m2\repository\io\cucumber\datatable\7.8.0\datatable-7.8.0.jar;C:\Users\admin\.m2\repository\io\cucumber\cucumber-plugin\7.8.0\cucumber-plugin-7.8.0.jar;C:\Users\admin\.m2\repository\io\cucumber\docstring\7.8.0\docstring-7.8.0.jar;C:\Users\admin\.m2\repository\io\cucumber\html-formatter\20.1.0\html-formatter-20.1.0.jar;C:\Users\admin\.m2\repository\io\cucumber\ci-environment\9.1.0\ci-environment-9.1.0.jar;C:\Users\admin\.m2\repository\org\apiguardian\apiguardian-api\1.1.2\apiguardian-api-1.1.2.jar;C:\Users\admin\.m2\repository\io\cucumber\cucumber-html\0.2.7\cucumber-html-0.2.7.jar;C:\Users\admin\.m2\repository\io\cucumber\cucumber-java\7.8.0\cucumber-java-7.8.0.jar;C:\Users\admin\.m2\repository\io\cucumber\cu
Launcher Type: SUN_STANDARD

Environment Variables:
JAVA_HOME=C:\Program Files\Java\jdk1.8.0_311
PATH=C:/Users/admin/.p2/pool/plugins/org.eclipse.justj.openjdk.hotspot.jre.full.win32.x86_64_17.0.2.v20220201-1208/jre/bin/server;C:/Users/admin/.p2/pool/plugins/org.eclipse.justj.openjdk.hotspot.jre.full.win32.x86_64_17.0.2.v20220201-1208/jre/bin;C:\Program Files (x86)\Common Files\Oracle\Java\javapath;C:\Windows\system32;C:\Windows;C:\Windows\System32\Wbem;C:\Windows\System32\WindowsPowerShell\v1.0\;C:\Windows\System32\OpenSSH\;C:\Users\admin\Downloads\apache-maven-3.8.5-bin (1)\apache-maven-3.8.5\bin;C:\Program Files\nodejs\;C:\Program Files\Java\allure-2.18.0\bin;C:\Program Files\Git\cmd;C:\Users\admin\AppData\Local\Microsoft\WindowsApps;C:\Users\admin\AppData\Roaming\npm;C:\Windows\system32;
USERNAME=admin
OS=Windows_NT
PROCESSOR_IDENTIFIER=Intel64 Family 6 Model 61 Stepping 4, GenuineIntel



---------------  S Y S T E M  ---------------

OS: Windows 10.0 , 64 bit Build 19041 (10.0.19041.1889)

CPU:total 4 (initial active 4) (2 cores per cpu, 2 threads per core) family 6 model 61 stepping 4, cmov, cx8, fxsr, mmx, sse, sse2, sse3, ssse3, sse4.1, sse4.2, popcnt, avx, avx2, aes, clmul, erms, rtm, 3dnowpref, lzcnt, ht, tsc, tscinvbit, bmi1, bmi2, adx

Memory: 4k page, physical 8257804k(146748k free), swap 23807284k(36k free)

vm_info: Java HotSpot(TM) 64-Bit Server VM (25.311-b11) for windows-amd64 JRE (1.8.0_311-b11), built on Sep 27 2021 05:15:14 by "java_re" with MS VC++ 15.9 (VS2017)

time: Fri Sep 23 14:32:19 2022
timezone: Central Daylight Time
elapsed time: 2.349955 seconds (0d 0h 0m 2s)

