#
# There is insufficient memory for the Java Runtime Environment to continue.
# Native memory allocation (malloc) failed to allocate 357616 bytes for Chunk::new
# Possible reasons:
#   The system is out of physical RAM or swap space
#   The process is running with CompressedOops enabled, and the Java Heap may be blocking the growth of the native heap
# Possible solutions:
#   Reduce memory load on the system
#   Increase physical memory or swap space
#   Check if swap backing store is full
#   Decrease Java heap size (-Xmx/-Xms)
#   Decrease number of Java threads
#   Decrease Java thread stack sizes (-Xss)
#   Set larger code cache with -XX:ReservedCodeCacheSize=
#   JVM is running with Unscaled Compressed Oops mode in which the Java heap is
#     placed in the first 4GB address space. The Java Heap base address is the
#     maximum limit for the native heap growth. Please use -XX:HeapBaseMinAddress
#     to set the Java Heap base and to place the Java Heap above 4GB virtual address.
# This output file may be truncated or incomplete.
#
#  Out of Memory Error (allocation.cpp:389), pid=12044, tid=0x0000000000003870
#
# JRE version: Java(TM) SE Runtime Environment (8.0_311-b11) (build 1.8.0_311-b11)
# Java VM: Java HotSpot(TM) 64-Bit Server VM (25.311-b11 mixed mode windows-amd64 compressed oops)
# Failed to write core dump. Minidumps are not enabled by default on client versions of Windows
#

---------------  T H R E A D  ---------------

Current thread (0x000002bb4bb8a800):  JavaThread "C2 CompilerThread1" daemon [_thread_in_native, id=14448, stack(0x000000df03800000,0x000000df03900000)]

Stack: [0x000000df03800000,0x000000df03900000]
Native frames: (J=compiled Java code, j=interpreted, Vv=VM code, C=native code)
V  [jvm.dll+0x32f239]


Current CompileTask:
C2:   4092 1530       4       java.net.URLStreamHandler::parseURL (1193 bytes)


---------------  P R O C E S S  ---------------

Java Threads: ( => current thread )
  0x000002bb4d682800 JavaThread "ReaderThread" [_thread_in_native, id=12108, stack(0x000000df03c00000,0x000000df03d00000)]
  0x000002bb4bc16000 JavaThread "Service Thread" daemon [_thread_blocked, id=11840, stack(0x000000df03a00000,0x000000df03b00000)]
  0x000002bb4bb8c000 JavaThread "C1 CompilerThread2" daemon [_thread_blocked, id=12016, stack(0x000000df03900000,0x000000df03a00000)]
=>0x000002bb4bb8a800 JavaThread "C2 CompilerThread1" daemon [_thread_in_native, id=14448, stack(0x000000df03800000,0x000000df03900000)]
  0x000002bb4bb7a000 JavaThread "C2 CompilerThread0" daemon [_thread_blocked, id=14384, stack(0x000000df03700000,0x000000df03800000)]
  0x000002bb4bb79000 JavaThread "Attach Listener" daemon [_thread_blocked, id=5636, stack(0x000000df03600000,0x000000df03700000)]
  0x000002bb4bb78800 JavaThread "Signal Dispatcher" daemon [_thread_blocked, id=6360, stack(0x000000df03500000,0x000000df03600000)]
  0x000002bb4bb4e000 JavaThread "Finalizer" daemon [_thread_blocked, id=14536, stack(0x000000df03400000,0x000000df03500000)]
  0x000002bb4bb47000 JavaThread "Reference Handler" daemon [_thread_blocked, id=7236, stack(0x000000df03300000,0x000000df03400000)]
  0x000002bb359ce800 JavaThread "main" [_thread_in_vm, id=20584, stack(0x000000df02d00000,0x000000df02e00000)]

Other Threads:
  0x000002bb4bb1b800 VMThread [stack: 0x000000df03200000,0x000000df03300000] [id=11160]
  0x000002bb4cd78800 WatcherThread [stack: 0x000000df03b00000,0x000000df03c00000] [id=9252]

VM state:not at safepoint (normal execution)

VM Mutex/Monitor currently owned by a thread: None

heap address: 0x0000000081e00000, size: 2018 MB, Compressed Oops mode: 32-bit
Narrow klass base: 0x0000000000000000, Narrow klass shift: 3
Compressed class space size: 1073741824 Address: 0x0000000100000000

Heap:
 PSYoungGen      total 38400K, used 19740K [0x00000000d5f80000, 0x00000000d8a00000, 0x0000000100000000)
  eden space 33280K, 43% used [0x00000000d5f80000,0x00000000d6dcb010,0x00000000d8000000)
  from space 5120K, 99% used [0x00000000d8500000,0x00000000d89fc078,0x00000000d8a00000)
  to   space 5120K, 0% used [0x00000000d8000000,0x00000000d8000000,0x00000000d8500000)
 ParOldGen       total 87552K, used 3156K [0x0000000081e00000, 0x0000000087380000, 0x00000000d5f80000)
  object space 87552K, 3% used [0x0000000081e00000,0x0000000082115158,0x0000000087380000)
 Metaspace       used 16141K, capacity 16918K, committed 17152K, reserved 1064960K
  class space    used 2015K, capacity 2221K, committed 2304K, reserved 1048576K

Card table byte_map: [0x000002bb46770000,0x000002bb46b70000] byte_map_base: 0x000002bb46361000

Marking Bits: (ParMarkBitMap*) 0x0000000076dd8030
 Begin Bits: [0x000002bb46e20000, 0x000002bb48da8000)
 End Bits:   [0x000002bb48da8000, 0x000002bb4ad30000)

Polling page: 0x000002bb35bd0000

CodeCache: size=245760Kb used=5400Kb max_used=5411Kb free=240359Kb
 bounds [0x000002bb373b0000, 0x000002bb37900000, 0x000002bb463b0000]
 total_blobs=1899 nmethods=1534 adapters=277
 compilation: enabled

Compilation events (10 events):
Event: 4.067 Thread 0x000002bb4bb8c000 1531       3       sun.reflect.ReflectionFactory::checkInitted (19 bytes)
Event: 4.067 Thread 0x000002bb4bb8c000 nmethod 1531 0x000002bb378f76d0 code [0x000002bb378f7840, 0x000002bb378f7b10]
Event: 4.067 Thread 0x000002bb4bb8c000 1532       3       java.util.HashMap::<init> (98 bytes)
Event: 4.069 Thread 0x000002bb4bb8c000 nmethod 1532 0x000002bb378f57d0 code [0x000002bb378f5a80, 0x000002bb378f6da0]
Event: 4.073 Thread 0x000002bb4bb8c000 1533       3       sun.reflect.generics.parser.SignatureParser::parseTypeSignature (130 bytes)
Event: 4.073 Thread 0x000002bb4bb7a000 1534       4       java.lang.String::equals (81 bytes)
Event: 4.073 Thread 0x000002bb4bb8c000 nmethod 1533 0x000002bb378f5290 code [0x000002bb378f5420, 0x000002bb378f56d0]
Event: 4.074 Thread 0x000002bb4bb8c000 1535       1       java.lang.reflect.Proxy$Key1::hashCode (5 bytes)
Event: 4.074 Thread 0x000002bb4bb8c000 nmethod 1535 0x000002bb378f4fd0 code [0x000002bb378f5120, 0x000002bb378f5238]
Event: 4.076 Thread 0x000002bb4bb7a000 nmethod 1534 0x000002bb378facd0 code [0x000002bb378fae20, 0x000002bb378fb038]

GC Heap History (4 events):
Event: 2.419 GC heap before
{Heap before GC invocations=1 (full 0):
 PSYoungGen      total 38400K, used 33280K [0x00000000d5f80000, 0x00000000d8a00000, 0x0000000100000000)
  eden space 33280K, 100% used [0x00000000d5f80000,0x00000000d8000000,0x00000000d8000000)
  from space 5120K, 0% used [0x00000000d8500000,0x00000000d8500000,0x00000000d8a00000)
  to   space 5120K, 0% used [0x00000000d8000000,0x00000000d8000000,0x00000000d8500000)
 ParOldGen       total 87552K, used 0K [0x0000000081e00000, 0x0000000087380000, 0x00000000d5f80000)
  object space 87552K, 0% used [0x0000000081e00000,0x0000000081e00000,0x0000000087380000)
 Metaspace       used 8934K, capacity 9362K, committed 9472K, reserved 1056768K
  class space    used 1118K, capacity 1249K, committed 1280K, reserved 1048576K
Event: 2.428 GC heap after
Heap after GC invocations=1 (full 0):
 PSYoungGen      total 38400K, used 4650K [0x00000000d5f80000, 0x00000000d8a00000, 0x0000000100000000)
  eden space 33280K, 0% used [0x00000000d5f80000,0x00000000d5f80000,0x00000000d8000000)
  from space 5120K, 90% used [0x00000000d8000000,0x00000000d848a860,0x00000000d8500000)
  to   space 5120K, 0% used [0x00000000d8500000,0x00000000d8500000,0x00000000d8a00000)
 ParOldGen       total 87552K, used 16K [0x0000000081e00000, 0x0000000087380000, 0x00000000d5f80000)
  object space 87552K, 0% used [0x0000000081e00000,0x0000000081e04000,0x0000000087380000)
 Metaspace       used 8934K, capacity 9362K, committed 9472K, reserved 1056768K
  class space    used 1118K, capacity 1249K, committed 1280K, reserved 1048576K
}
Event: 3.564 GC heap before
{Heap before GC invocations=2 (full 0):
 PSYoungGen      total 38400K, used 37930K [0x00000000d5f80000, 0x00000000d8a00000, 0x0000000100000000)
  eden space 33280K, 100% used [0x00000000d5f80000,0x00000000d8000000,0x00000000d8000000)
  from space 5120K, 90% used [0x00000000d8000000,0x00000000d848a860,0x00000000d8500000)
  to   space 5120K, 0% used [0x00000000d8500000,0x00000000d8500000,0x00000000d8a00000)
 ParOldGen       total 87552K, used 16K [0x0000000081e00000, 0x0000000087380000, 0x00000000d5f80000)
  object space 87552K, 0% used [0x0000000081e00000,0x0000000081e04000,0x0000000087380000)
 Metaspace       used 14768K, capacity 15396K, committed 15616K, reserved 1062912K
  class space    used 1783K, capacity 1930K, committed 2048K, reserved 1048576K
Event: 3.582 GC heap after
Heap after GC invocations=2 (full 0):
 PSYoungGen      total 38400K, used 5104K [0x00000000d5f80000, 0x00000000d8a00000, 0x0000000100000000)
  eden space 33280K, 0% used [0x00000000d5f80000,0x00000000d5f80000,0x00000000d8000000)
  from space 5120K, 99% used [0x00000000d8500000,0x00000000d89fc078,0x00000000d8a00000)
  to   space 5120K, 0% used [0x00000000d8000000,0x00000000d8000000,0x00000000d8500000)
 ParOldGen       total 87552K, used 3156K [0x0000000081e00000, 0x0000000087380000, 0x00000000d5f80000)
  object space 87552K, 3% used [0x0000000081e00000,0x0000000082115158,0x0000000087380000)
 Metaspace       used 14768K, capacity 15396K, committed 15616K, reserved 1062912K
  class space    used 1783K, capacity 1930K, committed 2048K, reserved 1048576K
}

Deoptimization events (10 events):
Event: 1.367 Thread 0x000002bb359ce800 Uncommon trap: reason=unstable_if action=reinterpret pc=0x000002bb37536bc0 method=java.io.WinNTFileSystem.isLetter(C)Z @ 15
Event: 1.905 Thread 0x000002bb359ce800 Uncommon trap: reason=unstable_if action=reinterpret pc=0x000002bb3759f768 method=java.io.WinNTFileSystem.normalize(Ljava/lang/String;)Ljava/lang/String; @ 128
Event: 3.097 Thread 0x000002bb359ce800 Uncommon trap: reason=unstable_if action=reinterpret pc=0x000002bb3774f918 method=sun.misc.MetaIndex.mayContain(Ljava/lang/String;)Z @ 38
Event: 3.455 Thread 0x000002bb359ce800 Uncommon trap: reason=unstable_if action=reinterpret pc=0x000002bb375aa454 method=java.util.HashMap.getNode(ILjava/lang/Object;)Ljava/util/HashMap$Node; @ 84
Event: 3.455 Thread 0x000002bb359ce800 Uncommon trap: reason=unstable_if action=reinterpret pc=0x000002bb37582ee4 method=java.util.HashMap.getNode(ILjava/lang/Object;)Ljava/util/HashMap$Node; @ 84
Event: 3.893 Thread 0x000002bb359ce800 Uncommon trap: reason=unstable_if action=reinterpret pc=0x000002bb377c79d4 method=jdk.internal.org.objectweb.asm.Type.getArgumentsAndReturnSizes(Ljava/lang/String;)I @ 41
Event: 4.044 Thread 0x000002bb359ce800 Uncommon trap: reason=class_check action=maybe_recompile pc=0x000002bb375d2814 method=java.lang.String.equals(Ljava/lang/Object;)Z @ 8
Event: 4.045 Thread 0x000002bb359ce800 Uncommon trap: reason=class_check action=maybe_recompile pc=0x000002bb375d2814 method=java.lang.String.equals(Ljava/lang/Object;)Z @ 8
Event: 4.046 Thread 0x000002bb359ce800 Uncommon trap: reason=class_check action=maybe_recompile pc=0x000002bb375d2814 method=java.lang.String.equals(Ljava/lang/Object;)Z @ 8
Event: 4.046 Thread 0x000002bb359ce800 Uncommon trap: reason=class_check action=maybe_recompile pc=0x000002bb375d2814 method=java.lang.String.equals(Ljava/lang/Object;)Z @ 8

Classes redefined (0 events):
No events

Internal exceptions (10 events):
Event: 1.461 Thread 0x000002bb359ce800 Exception <a 'java/lang/NoSuchMethodError': java.lang.Object.lambda$andThen$0(Ljava/util/function/Function;Ljava/lang/Object;Ljava/lang/Object;)Ljava/lang/Object;> (0x00000000d6f3c6d8) thrown at [C:\jenkins\workspace\8-2-build-windows-amd64-cygwin\jdk8u31
Event: 2.195 Thread 0x000002bb359ce800 Exception <a 'sun/nio/fs/WindowsException'> (0x00000000d751f748) thrown at [C:\jenkins\workspace\8-2-build-windows-amd64-cygwin\jdk8u311\1894\hotspot\src\share\vm\prims\jni.cpp, line 710]
Event: 2.202 Thread 0x000002bb359ce800 Exception <a 'sun/nio/fs/WindowsException'> (0x00000000d75342c0) thrown at [C:\jenkins\workspace\8-2-build-windows-amd64-cygwin\jdk8u311\1894\hotspot\src\share\vm\prims\jni.cpp, line 710]
Event: 2.504 Thread 0x000002bb359ce800 Exception <a 'sun/nio/fs/WindowsException'> (0x00000000d6432e58) thrown at [C:\jenkins\workspace\8-2-build-windows-amd64-cygwin\jdk8u311\1894\hotspot\src\share\vm\prims\jni.cpp, line 710]
Event: 3.071 Thread 0x000002bb359ce800 Exception <a 'sun/nio/fs/WindowsException'> (0x00000000d76c58d8) thrown at [C:\jenkins\workspace\8-2-build-windows-amd64-cygwin\jdk8u311\1894\hotspot\src\share\vm\prims\jni.cpp, line 710]
Event: 3.622 Thread 0x000002bb359ce800 Exception <a 'java/lang/NoSuchMethodError': java.lang.Object.lambda$comparingInt$7b0bb60$1(Ljava/util/function/ToIntFunction;Ljava/lang/Object;Ljava/lang/Object;)I> (0x00000000d612fc00) thrown at [C:\jenkins\workspace\8-2-build-windows-amd64-cygwin\jdk8u3
Event: 3.632 Thread 0x000002bb359ce800 Exception <a 'java/lang/IncompatibleClassChangeError': Found class java.lang.Object, but interface was expected> (0x00000000d6174cc0) thrown at [C:\jenkins\workspace\8-2-build-windows-amd64-cygwin\jdk8u311\1894\hotspot\src\share\vm\interpreter\linkResolve
Event: 3.641 Thread 0x000002bb359ce800 Exception <a 'sun/nio/fs/WindowsException'> (0x00000000d61a29b0) thrown at [C:\jenkins\workspace\8-2-build-windows-amd64-cygwin\jdk8u311\1894\hotspot\src\share\vm\prims\jni.cpp, line 710]
Event: 3.705 Thread 0x000002bb359ce800 Exception <a 'java/lang/IncompatibleClassChangeError': Found class java.lang.Object, but interface was expected> (0x00000000d6318820) thrown at [C:\jenkins\workspace\8-2-build-windows-amd64-cygwin\jdk8u311\1894\hotspot\src\share\vm\interpreter\linkResolve
Event: 3.709 Thread 0x000002bb359ce800 Exception <a 'java/lang/NoSuchMethodError': java.lang.Object.lambda$or$2(Ljava/util/function/Predicate;Ljava/lang/Object;)Z> (0x00000000d6323140) thrown at [C:\jenkins\workspace\8-2-build-windows-amd64-cygwin\jdk8u311\1894\hotspot\src\share\vm\interpreter

Events (10 events):
Event: 4.077 loading class org/picocontainer/injectors/AbstractInjectionFactory$LifecycleAdapter
Event: 4.077 loading class org/picocontainer/injectors/AbstractInjectionFactory$LifecycleAdapter done
Event: 4.078 loading class org/apache/logging/log4j/Logger
Event: 4.078 loading class org/apache/logging/log4j/Logger done
Event: 4.083 loading class com/LMS/pageObjects/Login
Event: 4.083 loading class com/LMS/pageObjects/Login done
Event: 4.085 loading class com/LMS/pageObjects/ManageUser
Event: 4.085 loading class com/LMS/pageObjects/ManageUser done
Event: 4.086 loading class com/LMS/pageObjects/UserDetails
Event: 4.086 loading class com/LMS/pageObjects/UserDetails done


Dynamic libraries:
0x00007ff7d9570000 - 0x00007ff7d95b7000 	C:\Program Files\Java\jdk1.8.0_311\bin\javaw.exe
0x00007ffe1a0b0000 - 0x00007ffe1a2a8000 	C:\Windows\SYSTEM32\ntdll.dll
0x00007ffe18f60000 - 0x00007ffe1901d000 	C:\Windows\System32\KERNEL32.DLL
0x00007ffe17b50000 - 0x00007ffe17e1e000 	C:\Windows\System32\KERNELBASE.dll
0x00007ffe188c0000 - 0x00007ffe1896e000 	C:\Windows\System32\ADVAPI32.dll
0x00007ffe19f70000 - 0x00007ffe1a00e000 	C:\Windows\System32\msvcrt.dll
0x00007ffe19a50000 - 0x00007ffe19aec000 	C:\Windows\System32\sechost.dll
0x00007ffe19110000 - 0x00007ffe19235000 	C:\Windows\System32\RPCRT4.dll
0x00007ffe18a60000 - 0x00007ffe18c00000 	C:\Windows\System32\USER32.dll
0x00007ffe180e0000 - 0x00007ffe18102000 	C:\Windows\System32\win32u.dll
0x00007ffe190e0000 - 0x00007ffe1910a000 	C:\Windows\System32\GDI32.dll
0x00007ffe17fd0000 - 0x00007ffe180db000 	C:\Windows\System32\gdi32full.dll
0x00007ffe17ab0000 - 0x00007ffe17b4d000 	C:\Windows\System32\msvcp_win.dll
0x00007ffe17910000 - 0x00007ffe17a10000 	C:\Windows\System32\ucrtbase.dll
0x00007ffe0d130000 - 0x00007ffe0d3ca000 	C:\Windows\WinSxS\amd64_microsoft.windows.common-controls_6595b64144ccf1df_6.0.19041.1110_none_60b5254171f9507e\COMCTL32.dll
0x00007ffe190a0000 - 0x00007ffe190d0000 	C:\Windows\System32\IMM32.DLL
0x00007ffe12bf0000 - 0x00007ffe12c05000 	C:\Program Files\Java\jdk1.8.0_311\jre\bin\vcruntime140.dll
0x00007ffdfdc20000 - 0x00007ffdfdcbb000 	C:\Program Files\Java\jdk1.8.0_311\jre\bin\msvcp140.dll
0x00000000765f0000 - 0x0000000076e50000 	C:\Program Files\Java\jdk1.8.0_311\jre\bin\server\jvm.dll
0x00007ffe19240000 - 0x00007ffe19248000 	C:\Windows\System32\PSAPI.DLL
0x00007ffe0d690000 - 0x00007ffe0d6b7000 	C:\Windows\SYSTEM32\WINMM.dll
0x00007ffe05470000 - 0x00007ffe0547a000 	C:\Windows\SYSTEM32\VERSION.dll
0x00007ffe050c0000 - 0x00007ffe050c9000 	C:\Windows\SYSTEM32\WSOCK32.dll
0x00007ffe19cb0000 - 0x00007ffe19d1b000 	C:\Windows\System32\WS2_32.dll
0x00007ffe155f0000 - 0x00007ffe15602000 	C:\Windows\SYSTEM32\kernel.appcore.dll
0x00007ffe12fd0000 - 0x00007ffe12fe0000 	C:\Program Files\Java\jdk1.8.0_311\jre\bin\verify.dll
0x00007ffe12910000 - 0x00007ffe1293b000 	C:\Program Files\Java\jdk1.8.0_311\jre\bin\java.dll
0x00007ffe121f0000 - 0x00007ffe12208000 	C:\Program Files\Java\jdk1.8.0_311\jre\bin\zip.dll
0x00007ffe19250000 - 0x00007ffe19994000 	C:\Windows\System32\SHELL32.dll
0x00007ffe158d0000 - 0x00007ffe16064000 	C:\Windows\SYSTEM32\windows.storage.dll
0x00007ffe18c00000 - 0x00007ffe18f54000 	C:\Windows\System32\combase.dll
0x00007ffe17230000 - 0x00007ffe17260000 	C:\Windows\SYSTEM32\Wldp.dll
0x00007ffe18110000 - 0x00007ffe181bd000 	C:\Windows\System32\SHCORE.dll
0x00007ffe1a010000 - 0x00007ffe1a065000 	C:\Windows\System32\shlwapi.dll
0x00007ffe17710000 - 0x00007ffe1772f000 	C:\Windows\SYSTEM32\profapi.dll
0x00007ffe11ee0000 - 0x00007ffe11efc000 	C:\Program Files\Java\jdk1.8.0_311\jre\bin\net.dll
0x00007ffe16f90000 - 0x00007ffe16ffa000 	C:\Windows\system32\mswsock.dll
0x00007ffe11ec0000 - 0x00007ffe11ed3000 	C:\Program Files\Java\jdk1.8.0_311\jre\bin\nio.dll
0x00007ffe17180000 - 0x00007ffe17198000 	C:\Windows\SYSTEM32\CRYPTSP.dll
0x00007ffe168a0000 - 0x00007ffe168d4000 	C:\Windows\system32\rsaenh.dll
0x00007ffe17a80000 - 0x00007ffe17aa7000 	C:\Windows\System32\bcrypt.dll
0x00007ffe176d0000 - 0x00007ffe176fe000 	C:\Windows\SYSTEM32\USERENV.dll
0x00007ffe17880000 - 0x00007ffe17902000 	C:\Windows\System32\bcryptprimitives.dll
0x00007ffe171a0000 - 0x00007ffe171ac000 	C:\Windows\SYSTEM32\CRYPTBASE.dll
0x00007ffe16c30000 - 0x00007ffe16c6b000 	C:\Windows\SYSTEM32\IPHLPAPI.DLL
0x00007ffe18970000 - 0x00007ffe18978000 	C:\Windows\System32\NSI.dll
0x00007ffe0f0d0000 - 0x00007ffe0f0e7000 	C:\Windows\SYSTEM32\dhcpcsvc6.DLL
0x00007ffe0f700000 - 0x00007ffe0f71d000 	C:\Windows\SYSTEM32\dhcpcsvc.DLL
0x00007ffe16c80000 - 0x00007ffe16d4a000 	C:\Windows\SYSTEM32\DNSAPI.dll

VM Arguments:
jvm_args: -ea -Dfile.encoding=UTF-8 
java_command: org.eclipse.jdt.internal.junit.runner.RemoteTestRunner -version 3 -port 59363 -testLoaderClass org.eclipse.jdt.internal.junit4.runner.JUnit4TestLoader -loaderpluginname org.eclipse.jdt.junit4.runtime -classNames com.LMS.runner.Runner
java_class_path (initial): C:\Users\admin\eclipse-workspace\LMSProject\target\test-classes;C:\Users\admin\eclipse-workspace\LMSProject\target\classes;C:\Users\admin\.p2\pool\plugins\org.testng_7.4.0.r202105021533.jar;C:\Users\admin\.p2\pool\plugins\com.beust.jcommander_1.78.0.jar;C:\Users\admin\.p2\pool\plugins\org.apache-extras.beanshell.bsh_2.0.0.b6.jar;C:\Users\admin\.p2\pool\plugins\org.yaml.snakeyaml_1.21.0.jar;C:\Users\admin\.p2\pool\plugins\org.webjars.jquery_3.5.1.jar;C:\Users\admin\.m2\repository\junit\junit\4.13.2\junit-4.13.2.jar;C:\Users\admin\.m2\repository\org\hamcrest\hamcrest-core\1.3\hamcrest-core-1.3.jar;C:\Users\admin\.m2\repository\io\cucumber\cucumber-core\7.8.0\cucumber-core-7.8.0.jar;C:\Users\admin\.m2\repository\io\cucumber\cucumber-gherkin\7.8.0\cucumber-gherkin-7.8.0.jar;C:\Users\admin\.m2\repository\io\cucumber\cucumber-gherkin-messages\7.8.0\cucumber-gherkin-messages-7.8.0.jar;C:\Users\admin\.m2\repository\io\cucumber\gherkin\24.0.0\gherkin-24.0.0.jar;C:\Users\admin\.m2\repository\io\cucumber\messages\19.1.2\messages-19.1.2.jar;C:\Users\admin\.m2\repository\io\cucumber\tag-expressions\4.1.0\tag-expressions-4.1.0.jar;C:\Users\admin\.m2\repository\io\cucumber\cucumber-expressions\16.0.0\cucumber-expressions-16.0.0.jar;C:\Users\admin\.m2\repository\io\cucumber\datatable\7.8.0\datatable-7.8.0.jar;C:\Users\admin\.m2\repository\io\cucumber\cucumber-plugin\7.8.0\cucumber-plugin-7.8.0.jar;C:\Users\admin\.m2\repository\io\cucumber\docstring\7.8.0\docstring-7.8.0.jar;C:\Users\admin\.m2\repository\io\cucumber\html-formatter\20.1.0\html-formatter-20.1.0.jar;C:\Users\admin\.m2\repository\io\cucumber\ci-environment\9.1.0\ci-environment-9.1.0.jar;C:\Users\admin\.m2\repository\org\apiguardian\apiguardian-api\1.1.2\apiguardian-api-1.1.2.jar;C:\Users\admin\.m2\repository\io\cucumber\cucumber-html\0.2.7\cucumber-html-0.2.7.jar;C:\Users\admin\.m2\repository\io\cucumber\cucumber-java\7.8.0\cucumber-java-7.8.0.jar;C:\Users\admin\.m2\repository\io\cucumber\cu
Launcher Type: SUN_STANDARD

Environment Variables:
JAVA_HOME=C:\Program Files\Java\jdk1.8.0_311
PATH=C:/Users/admin/.p2/pool/plugins/org.eclipse.justj.openjdk.hotspot.jre.full.win32.x86_64_17.0.2.v20220201-1208/jre/bin/server;C:/Users/admin/.p2/pool/plugins/org.eclipse.justj.openjdk.hotspot.jre.full.win32.x86_64_17.0.2.v20220201-1208/jre/bin;C:\Program Files (x86)\Common Files\Oracle\Java\javapath;C:\Windows\system32;C:\Windows;C:\Windows\System32\Wbem;C:\Windows\System32\WindowsPowerShell\v1.0\;C:\Windows\System32\OpenSSH\;C:\Users\admin\Downloads\apache-maven-3.8.5-bin (1)\apache-maven-3.8.5\bin;C:\Program Files\nodejs\;C:\Program Files\Java\allure-2.18.0\bin;C:\Program Files\Git\cmd;C:\Users\admin\AppData\Local\Microsoft\WindowsApps;C:\Users\admin\AppData\Roaming\npm;C:\Windows\system32;
USERNAME=admin
OS=Windows_NT
PROCESSOR_IDENTIFIER=Intel64 Family 6 Model 61 Stepping 4, GenuineIntel



---------------  S Y S T E M  ---------------

OS: Windows 10.0 , 64 bit Build 19041 (10.0.19041.1889)

CPU:total 4 (initial active 4) (2 cores per cpu, 2 threads per core) family 6 model 61 stepping 4, cmov, cx8, fxsr, mmx, sse, sse2, sse3, ssse3, sse4.1, sse4.2, popcnt, avx, avx2, aes, clmul, erms, rtm, 3dnowpref, lzcnt, ht, tsc, tscinvbit, bmi1, bmi2, adx

Memory: 4k page, physical 8257804k(319968k free), swap 23807284k(6056k free)

vm_info: Java HotSpot(TM) 64-Bit Server VM (25.311-b11) for windows-amd64 JRE (1.8.0_311-b11), built on Sep 27 2021 05:15:14 by "java_re" with MS VC++ 15.9 (VS2017)

time: Fri Sep 23 14:32:00 2022
timezone: Central Daylight Time
elapsed time: 4.100795 seconds (0d 0h 0m 4s)

